#
# A fatal error has been detected by the Java Runtime Environment:
#
#  SIGSEGV (0xb) at pc=0x00007f508618f8d8, pid=7408, tid=0x00007f501617e700
#
# JRE version: Java(TM) SE Runtime Environment (8.0_181-b13) (build 1.8.0_181-b13)
# Java VM: Java HotSpot(TM) 64-Bit Server VM (25.181-b13 mixed mode linux-amd64 compressed oops)
# Problematic frame:
# V  [libjvm.so+0x6d98d8]  jni_invoke_nonstatic(JNIEnv_*, JavaValue*, _jobject*, JNICallType, _jmethodID*, JNI_ArgumentPusher*, Thread*)+0x38
#
# Failed to write core dump. Core dumps have been disabled. To enable core dumping, try "ulimit -c unlimited" before starting Java again
#
# If you would like to submit a bug report, please visit:
#   http://bugreport.java.com/bugreport/crash.jsp
#

---------------  T H R E A D  ---------------

Current thread (0x00007f5020114000):  JavaThread "JavaFX Application Thread" [_thread_in_vm, id=7443, stack(0x00007f501607e000,0x00007f501617f000)]

siginfo: si_signo: 11 (SIGSEGV), si_code: 128 (SI_KERNEL), si_addr: 0x0000000000000000

Registers:
RAX=0x00007f501617d440, RBX=0x00007f501617d350, RCX=0x0000000000000001, RDX=0x4c3c79747265706f
RSP=0x00007f501617d1a0, RBP=0x00007f501617d320, RSI=0x00007f501617d3b0, RDI=0x00007f50201141f8
R8 =0x00007f502005f5b8, R9 =0x00007f501617d350, R10=0x00007f5004000bd0, R11=0x00007f50713cb1e0
R12=0x00007f5020114000, R13=0x00007f502005f5b8, R14=0x0000000000000001, R15=0x00007f50201141f8
RIP=0x00007f508618f8d8, EFLAGS=0x0000000000010206, CSGSFS=0x002b000000000033, ERR=0x0000000000000000
  TRAPNO=0x000000000000000d

Top of Stack: (sp=0x00007f501617d1a0)
0x00007f501617d1a0:   00007f501617d8a0 00007f501617d4c0
0x00007f501617d1b0:   00007f501617d200 00007f501617d280
0x00007f501617d1c0:   00007f501617d350 00007f501617d3b0
0x00007f501617d1d0:   00007f50201141f8 00007f50861af3e0
0x00007f501617d1e0:   00007f5030001740 00007f5030001750
0x00007f501617d1f0:   00007f5030001b28 00000000000003d8
0x00007f501617d200:   0000000000000000 000000078427b4b0
0x00007f501617d210:   00007f500000006f 00007f500000000a
0x00007f501617d220:   0000000784dc57d8 0000000000000000
0x00007f501617d230:   0000000000000000 0000000000000000
0x00007f501617d240:   00007f506b7753d0 0000000100000100
0x00007f501617d250:   0000000000000000 00007f501617d208
0x00007f501617d260:   00007f501617d249 0000000800000005
0x00007f501617d270:   0000000000000000 00007f5020113a20
0x00007f501617d280:   00007f5086a25430 00007f5087520870
0x00007f501617d290:   00000000201138b0 00007f5020114000
0x00007f501617d2a0:   0000000000000000 00007f508618fcab
0x00007f501617d2b0:   00007f506b77f668 00007f5020114000
0x00007f501617d2c0:   00007f506b77f668 00007f5020114000
0x00007f501617d2d0:   00007f501617d460 00007f506b77f668
0x00007f501617d2e0:   00007f506b77f668 00007f506b77f668
0x00007f501617d2f0:   00007f5030001740 00007f501617d350
0x00007f501617d300:   00007f5020114000 00007f501617d390
0x00007f501617d310:   00007f502005f5b8 00007f50201141f8
0x00007f501617d320:   00007f501617d410 00007f508619407f
0x00007f501617d330:   00007f5020114000 00007f50687b0094
0x00007f501617d340:   00007f501617d428 4c3c79747265706f
0x00007f501617d350:   00007f5086a260b0 00007f5087520870
0x00007f501617d360:   000000001617d3d0 fa2cc23900000063
0x00007f501617d370:   0000000000000000 0000003000000018
0x00007f501617d380:   00007f501617d500 00007f501617d440
0x00007f501617d390:   00007f5020114000 0000000000000000 

Instructions: (pc=0x00007f508618f8d8)
0x00007f508618f8b8:   00 00 48 85 d2 48 89 bd b0 fe ff ff 48 89 b5 a8
0x00007f508618f8c8:   fe ff ff 4c 89 8d a0 fe ff ff 0f 84 78 09 00 00
0x00007f508618f8d8:   4c 8b 22 4d 85 e4 0f 84 6c 09 00 00 48 8b 45 10
0x00007f508618f8e8:   48 8b 98 38 01 00 00 48 83 7b 18 f7 0f 87 16 07 

Register to memory mapping:

RAX=0x00007f501617d440 is pointing into the stack for thread: 0x00007f5020114000
RBX=0x00007f501617d350 is pointing into the stack for thread: 0x00007f5020114000
RCX=0x0000000000000001 is an unknown value
RDX=0x4c3c79747265706f is an unknown value
RSP=0x00007f501617d1a0 is pointing into the stack for thread: 0x00007f5020114000
RBP=0x00007f501617d320 is pointing into the stack for thread: 0x00007f5020114000
RSI=0x00007f501617d3b0 is pointing into the stack for thread: 0x00007f5020114000
RDI=0x00007f50201141f8 is an unknown value
R8 =0x00007f502005f5b8 is an unknown value
R9 =0x00007f501617d350 is pointing into the stack for thread: 0x00007f5020114000
R10=0x00007f5004000bd0 is an unknown value
R11=0x00007f50713cb1e0 is at entry_point+32 in (nmethod*)0x00007f50713cb050
R12=0x00007f5020114000 is a thread
R13=0x00007f502005f5b8 is an unknown value
R14=0x0000000000000001 is an unknown value
R15=0x00007f50201141f8 is an unknown value


Stack: [0x00007f501607e000,0x00007f501617f000],  sp=0x00007f501617d1a0,  free space=1020k
Native frames: (J=compiled Java code, j=interpreted, Vv=VM code, C=native code)
V  [libjvm.so+0x6d98d8]  jni_invoke_nonstatic(JNIEnv_*, JavaValue*, _jobject*, JNICallType, _jmethodID*, JNI_ArgumentPusher*, Thread*)+0x38
V  [libjvm.so+0x6de07f]  jni_CallVoidMethodV+0x10f
C  [libglass.so+0x18221]  JNIEnv_::CallVoidMethod(_jobject*, _jmethodID*, ...)+0x81
C  [libglass.so+0x1dbcf]  WindowContextBase::process_key(_GdkEventKey*)+0x20f
C  [libglass.so+0x1c0a0]  WindowContextBase::im_filter_keypress(_GdkEventKey*)+0x1c0
C  [libglass.so+0x21d3c]  process_events(_GdkEvent*, void*)+0x22c
C  [libgdk-x11-2.0.so.0+0x5ac8c]

Java frames: (J=compiled Java code, j=interpreted, Vv=VM code)
j  com.sun.glass.ui.gtk.GtkApplication._runLoop(Ljava/lang/Runnable;Z)V+0
j  com.sun.glass.ui.gtk.GtkApplication.lambda$null$48(Ljava/lang/Runnable;Z)V+7
j  com.sun.glass.ui.gtk.GtkApplication$$Lambda$43.run()V+12
j  java.lang.Thread.run()V+11
v  ~StubRoutines::call_stub

---------------  P R O C E S S  ---------------

Java Threads: ( => current thread )
  0x00007f500416b800 JavaThread "Prism Font Disposer" daemon [_thread_blocked, id=7448, stack(0x00007f5015542000,0x00007f5015643000)]
=>0x00007f5020114000 JavaThread "JavaFX Application Thread" [_thread_in_vm, id=7443, stack(0x00007f501607e000,0x00007f501617f000)]
  0x00007f5020110000 JavaThread "Thread-2" daemon [_thread_blocked, id=7442, stack(0x00007f50600af000,0x00007f50601b0000)]
  0x00007f502004c000 JavaThread "QuantumRenderer-0" daemon [_thread_blocked, id=7438, stack(0x00007f5069229000,0x00007f506932a000)]
  0x00007f5080287000 JavaThread "JavaFX-Launcher" [_thread_blocked, id=7437, stack(0x00007f506932a000,0x00007f506942b000)]
  0x00007f50801fe800 JavaThread "Service Thread" daemon [_thread_blocked, id=7435, stack(0x00007f506952c000,0x00007f506962d000)]
  0x00007f50801fb800 JavaThread "C1 CompilerThread2" daemon [_thread_blocked, id=7434, stack(0x00007f506962d000,0x00007f506972e000)]
  0x00007f50801f7000 JavaThread "C2 CompilerThread1" daemon [_thread_blocked, id=7433, stack(0x00007f506972e000,0x00007f506982f000)]
  0x00007f50801f5800 JavaThread "C2 CompilerThread0" daemon [_thread_in_native, id=7432, stack(0x00007f5069a46000,0x00007f5069b47000)]
  0x00007f50801ec800 JavaThread "Monitor Ctrl-Break" daemon [_thread_in_native, id=7431, stack(0x00007f5069b47000,0x00007f5069c48000)]
  0x00007f5080180800 JavaThread "Signal Dispatcher" daemon [_thread_blocked, id=7430, stack(0x00007f5069c48000,0x00007f5069d49000)]
  0x00007f508014d000 JavaThread "Finalizer" daemon [_thread_blocked, id=7429, stack(0x00007f506a021000,0x00007f506a122000)]
  0x00007f508014a800 JavaThread "Reference Handler" daemon [_thread_blocked, id=7426, stack(0x00007f506a122000,0x00007f506a223000)]
  0x00007f508000c000 JavaThread "main" [_thread_blocked, id=7409, stack(0x00007f50875b0000,0x00007f50876b1000)]

Other Threads:
  0x00007f5080141000 VMThread [stack: 0x00007f506a223000,0x00007f506a324000] [id=7420]
  0x00007f5080203800 WatcherThread [stack: 0x00007f506942b000,0x00007f506952c000] [id=7436]

VM state:not at safepoint (normal execution)

VM Mutex/Monitor currently owned by a thread: None

Heap:
 PSYoungGen      total 55808K, used 10790K [0x0000000782200000, 0x0000000786000000, 0x00000007c0000000)
  eden space 48128K, 9% used [0x0000000782200000,0x000000078267cf58,0x0000000785100000)
  from space 7680K, 80% used [0x0000000785100000,0x000000078570cae8,0x0000000785880000)
  to   space 7680K, 0% used [0x0000000785880000,0x0000000785880000,0x0000000786000000)
 ParOldGen       total 126976K, used 80K [0x0000000706600000, 0x000000070e200000, 0x0000000782200000)
  object space 126976K, 0% used [0x0000000706600000,0x0000000706614010,0x000000070e200000)
 Metaspace       used 17790K, capacity 18762K, committed 19072K, reserved 1064960K
  class space    used 2597K, capacity 2846K, committed 2944K, reserved 1048576K

Card table byte_map: [0x00007f5070a32000,0x00007f5071000000] byte_map_base: 0x00007f506d1ff000

Marking Bits: (ParMarkBitMap*) 0x00007f5086a8a0a0
 Begin Bits: [0x00007f504e330000, 0x00007f5051198000)
 End Bits:   [0x00007f5051198000, 0x00007f5054000000)

Polling page: 0x00007f50876d7000

CodeCache: size=245760Kb used=5833Kb max_used=5845Kb free=239926Kb
 bounds [0x00007f5071000000, 0x00007f50715c0000, 0x00007f5080000000]
 total_blobs=2552 nmethods=1914 adapters=551
 compilation: enabled

Compilation events (10 events):
Event: 9.437 Thread 0x00007f50801fb800 nmethod 1899 0x00007f507159aa50 code [0x00007f507159ac00, 0x00007f507159b0a8]
Event: 9.437 Thread 0x00007f50801fb800 1902       3       com.sun.javafx.css.StyleCacheEntry$Key::<init> (83 bytes)
Event: 9.438 Thread 0x00007f50801fb800 nmethod 1902 0x00007f507159b310 code [0x00007f507159b580, 0x00007f507159c488]
Event: 9.438 Thread 0x00007f50801fb800 1900       3       javafx.collections.FXCollections::unmodifiableObservableSet (21 bytes)
Event: 9.438 Thread 0x00007f50801fb800 nmethod 1900 0x00007f507159cc10 code [0x00007f507159cda0, 0x00007f507159d1a8]
Event: 9.438 Thread 0x00007f50801fb800 1901       3       javafx.collections.FXCollections$UnmodifiableObservableSet::<init> (15 bytes)
Event: 9.438 Thread 0x00007f50801fb800 nmethod 1901 0x00007f507159d390 code [0x00007f507159d500, 0x00007f507159d790]
Event: 9.438 Thread 0x00007f50801fb800 1903   !   3       javafx.scene.CssStyleHelper::calculateValue (849 bytes)
Event: 9.444 Thread 0x00007f50801f5800 nmethod 1868 0x00007f50715a0f50 code [0x00007f50715a1160, 0x00007f50715a1b78]
Event: 9.444 Thread 0x00007f50801f5800 1880       4       com.sun.javafx.css.StyleMap::getCascadingStyles (404 bytes)

GC Heap History (2 events):
Event: 9.292 GC heap before
{Heap before GC invocations=1 (full 0):
 PSYoungGen      total 55808K, used 48128K [0x0000000782200000, 0x0000000786000000, 0x00000007c0000000)
  eden space 48128K, 100% used [0x0000000782200000,0x0000000785100000,0x0000000785100000)
  from space 7680K, 0% used [0x0000000785880000,0x0000000785880000,0x0000000786000000)
  to   space 7680K, 0% used [0x0000000785100000,0x0000000785100000,0x0000000785880000)
 ParOldGen       total 126976K, used 0K [0x0000000706600000, 0x000000070e200000, 0x0000000782200000)
  object space 126976K, 0% used [0x0000000706600000,0x0000000706600000,0x000000070e200000)
 Metaspace       used 16958K, capacity 17624K, committed 17792K, reserved 1064960K
  class space    used 2449K, capacity 2647K, committed 2688K, reserved 1048576K
Event: 9.304 GC heap after
Heap after GC invocations=1 (full 0):
 PSYoungGen      total 55808K, used 6194K [0x0000000782200000, 0x0000000786000000, 0x00000007c0000000)
  eden space 48128K, 0% used [0x0000000782200000,0x0000000782200000,0x0000000785100000)
  from space 7680K, 80% used [0x0000000785100000,0x000000078570cae8,0x0000000785880000)
  to   space 7680K, 0% used [0x0000000785880000,0x0000000785880000,0x0000000786000000)
 ParOldGen       total 126976K, used 80K [0x0000000706600000, 0x000000070e200000, 0x0000000782200000)
  object space 126976K, 0% used [0x0000000706600000,0x0000000706614010,0x000000070e200000)
 Metaspace       used 16958K, capacity 17624K, committed 17792K, reserved 1064960K
  class space    used 2449K, capacity 2647K, committed 2688K, reserved 1048576K
}

Deoptimization events (10 events):
Event: 1.073 Thread 0x00007f5020114000 Uncommon trap: reason=class_check action=maybe_recompile pc=0x00007f5071115888 method=java.lang.String.equals(Ljava/lang/Object;)Z @ 8
Event: 1.073 Thread 0x00007f5020114000 Uncommon trap: reason=class_check action=maybe_recompile pc=0x00007f5071115888 method=java.lang.String.equals(Ljava/lang/Object;)Z @ 8
Event: 1.073 Thread 0x00007f5020114000 Uncommon trap: reason=class_check action=maybe_recompile pc=0x00007f5071115888 method=java.lang.String.equals(Ljava/lang/Object;)Z @ 8
Event: 1.092 Thread 0x00007f5020114000 Uncommon trap: reason=class_check action=maybe_recompile pc=0x00007f5071115888 method=java.lang.String.equals(Ljava/lang/Object;)Z @ 8
Event: 1.213 Thread 0x00007f5020114000 Uncommon trap: reason=unstable_if action=reinterpret pc=0x00007f50712cdf80 method=sun.net.www.ParseUtil.encodePath(Ljava/lang/String;Z)Ljava/lang/String; @ 109
Event: 1.386 Thread 0x00007f5020114000 Uncommon trap: reason=unstable_if action=reinterpret pc=0x00007f507131e2a4 method=jdk.internal.org.objectweb.asm.Type.getArgumentsAndReturnSizes(Ljava/lang/String;)I @ 47
Event: 3.563 Thread 0x00007f502004c000 Uncommon trap: reason=unstable_if action=reinterpret pc=0x00007f50713e0598 method=java.lang.StrictMath.floorOrCeil(DDDD)D @ 115
Event: 9.030 Thread 0x00007f5020114000 Uncommon trap: reason=unstable_if action=reinterpret pc=0x00007f5071236150 method=java.lang.String.indexOf([CII[CIII)I @ 3
Event: 9.309 Thread 0x00007f508014d000 Uncommon trap: reason=unstable_if action=reinterpret pc=0x00007f507142663c method=java.lang.ref.ReferenceQueue.poll()Ljava/lang/ref/Reference; @ 4
Event: 9.327 Thread 0x00007f5020114000 Uncommon trap: reason=unstable_if action=reinterpret pc=0x00007f5071322c3c method=java.lang.ref.SoftReference.get()Ljava/lang/Object; @ 17

Classes redefined (0 events):
No events

Internal exceptions (10 events):
Event: 0.369 Thread 0x00007f5080287000 Exception <a 'java/lang/NullPointerException'> (0x00000007828bd028) thrown at [/HUDSON/workspace/8-2-build-linux-amd64/jdk8u181/11358/hotspot/src/share/vm/interpreter/linkResolver.cpp, line 1185]
Event: 0.674 Thread 0x00007f5020114000 Exception <a 'java/lang/NullPointerException'> (0x000000078347ae28) thrown at [/HUDSON/workspace/8-2-build-linux-amd64/jdk8u181/11358/hotspot/src/share/vm/interpreter/linkResolver.cpp, line 1185]
Event: 0.674 Thread 0x00007f5020114000 Exception <a 'java/lang/NullPointerException'> (0x000000078347ae28) thrown at [/HUDSON/workspace/8-2-build-linux-amd64/jdk8u181/11358/hotspot/src/share/vm/prims/jvm.cpp, line 1439]
Event: 0.836 Thread 0x00007f5020114000 Exception <a 'java/lang/ArrayIndexOutOfBoundsException'> (0x0000000783938b00) thrown at [/HUDSON/workspace/8-2-build-linux-amd64/jdk8u181/11358/hotspot/src/share/vm/runtime/sharedRuntime.cpp, line 605]
Event: 0.836 Thread 0x00007f5020114000 Exception <a 'java/lang/ArrayIndexOutOfBoundsException'> (0x000000078393aee0) thrown at [/HUDSON/workspace/8-2-build-linux-amd64/jdk8u181/11358/hotspot/src/share/vm/runtime/sharedRuntime.cpp, line 605]
Event: 0.836 Thread 0x00007f5020114000 Exception <a 'java/lang/ArrayIndexOutOfBoundsException'> (0x000000078393cd88) thrown at [/HUDSON/workspace/8-2-build-linux-amd64/jdk8u181/11358/hotspot/src/share/vm/runtime/sharedRuntime.cpp, line 605]
Event: 9.025 Thread 0x00007f5020114000 Exception <a 'java/lang/NoSuchMethodError': <clinit>> (0x0000000784e10f30) thrown at [/HUDSON/workspace/8-2-build-linux-amd64/jdk8u181/11358/hotspot/src/share/vm/prims/jni.cpp, line 1613]
Event: 9.177 Thread 0x00007f5020114000 Exception <a 'java/lang/NoSuchMethodError': <clinit>> (0x0000000784f0fac8) thrown at [/HUDSON/workspace/8-2-build-linux-amd64/jdk8u181/11358/hotspot/src/share/vm/prims/jni.cpp, line 1613]
Event: 9.180 Thread 0x00007f5020114000 Exception <a 'java/lang/NoSuchMethodError': <clinit>> (0x0000000784f2d660) thrown at [/HUDSON/workspace/8-2-build-linux-amd64/jdk8u181/11358/hotspot/src/share/vm/prims/jni.cpp, line 1613]
Event: 9.182 Thread 0x00007f5020114000 Exception <a 'java/lang/NoSuchMethodError': <clinit>> (0x0000000784f3dfb8) thrown at [/HUDSON/workspace/8-2-build-linux-amd64/jdk8u181/11358/hotspot/src/share/vm/prims/jni.cpp, line 1613]

Events (10 events):
Event: 9.421 loading class javafx/scene/shape/SVGPath$2
Event: 9.421 loading class javafx/scene/shape/SVGPath$2 done
Event: 9.421 loading class com/sun/javafx/sg/prism/NGSVGPath
Event: 9.421 loading class com/sun/javafx/sg/prism/NGSVGPath done
Event: 9.439 loading class javafx/scene/Node$NodeTransformation$10
Event: 9.439 loading class javafx/scene/Node$NodeTransformation$10 done
Event: 9.439 loading class com/sun/javafx/scene/control/skin/TabPaneSkin$3
Event: 9.439 loading class com/sun/javafx/scene/control/skin/TabPaneSkin$3 done
Event: 9.444 loading class com/sun/javafx/scene/control/skin/TextAreaSkin$ContentView
Event: 9.444 loading class com/sun/javafx/scene/control/skin/TextAreaSkin$ContentView done


Dynamic libraries:
00400000-00401000 r-xp 00000000 08:05 4735018                            /usr/lib/jvm/java-8-oracle/bin/java
00600000-00601000 rw-p 00000000 08:05 4735018                            /usr/lib/jvm/java-8-oracle/bin/java
01282000-012a3000 rw-p 00000000 00:00 0                                  [heap]
706600000-70e200000 rw-p 00000000 00:00 0 
70e200000-782200000 ---p 00000000 00:00 0 
782200000-786000000 rw-p 00000000 00:00 0 
786000000-7c0000000 ---p 00000000 00:00 0 
7c0000000-7c02e0000 rw-p 00000000 00:00 0 
7c02e0000-800000000 ---p 00000000 00:00 0 
7f4ff8000000-7f4ff8021000 rw-p 00000000 00:00 0 
7f4ff8021000-7f4ffc000000 ---p 00000000 00:00 0 
7f5000000000-7f5000021000 rw-p 00000000 00:00 0 
7f5000021000-7f5004000000 ---p 00000000 00:00 0 
7f5004000000-7f5004599000 rw-p 00000000 00:00 0 
7f5004599000-7f5008000000 ---p 00000000 00:00 0 
7f5008000000-7f5008021000 rw-p 00000000 00:00 0 
7f5008021000-7f500c000000 ---p 00000000 00:00 0 
7f500c000000-7f500c022000 rw-p 00000000 00:00 0 
7f500c022000-7f5010000000 ---p 00000000 00:00 0 
7f5010000000-7f5010021000 rw-p 00000000 00:00 0 
7f5010021000-7f5014000000 ---p 00000000 00:00 0 
7f5014969000-7f5014b29000 rw-p 00000000 00:00 0 
7f5014b29000-7f5014b69000 ---p 00000000 00:00 0 
7f5014b69000-7f5014b6e000 rw-s 00000000 00:19 713                        /i915 (deleted)
7f5014bc9000-7f5014bce000 r--s 0009d000 08:05 4745901                    /usr/lib/jvm/java-8-oracle/jre/lib/jsse.jar
7f5014bce000-7f5014bde000 rw-s 00000000 00:19 1113                       /i915 (deleted)
7f5014bde000-7f5014d9e000 rw-s 100107000 00:06 430                       /dev/dri/card1
7f5014d9e000-7f5014f5e000 rw-s 00000000 00:19 1098                       /i915 (deleted)
7f5014f5e000-7f5014f6e000 rw-s 00000000 00:19 1103                       /i915 (deleted)
7f5014f6e000-7f5014f72000 rw-s 00000000 00:19 1102                       /i915 (deleted)
7f5014f72000-7f5015132000 rw-s 00000000 00:19 919                        /i915 (deleted)
7f5015132000-7f5015142000 rw-s 00000000 00:19 1097                       /i915 (deleted)
7f5015142000-7f5015342000 rw-p 00000000 00:00 0 
7f5015342000-7f5015542000 rw-p 00000000 00:00 0 
7f5015542000-7f5015545000 ---p 00000000 00:00 0 
7f5015545000-7f5015643000 rw-p 00000000 00:00 0 
7f5015643000-7f50156fc000 r--p 00000000 08:05 4066028                    /usr/share/fonts/truetype/dejavu/DejaVuSans.ttf
7f50156fc000-7f501570f000 r--p 00000000 08:05 4745932                    /usr/lib/jvm/java-8-oracle/jre/lib/fonts/LucidaBrightDemiBold.ttf
7f501570f000-7f5015723000 r--p 00000000 08:05 4745924                    /usr/lib/jvm/java-8-oracle/jre/lib/fonts/LucidaBrightItalic.ttf
7f5015723000-7f501575f000 r--p 00000000 08:05 4745930                    /usr/lib/jvm/java-8-oracle/jre/lib/fonts/LucidaTypewriterRegular.ttf
7f501575f000-7f5015772000 r--p 00000000 08:05 4745929                    /usr/lib/jvm/java-8-oracle/jre/lib/fonts/LucidaBrightDemiItalic.ttf
7f5015772000-7f501581d000 r--p 00000000 08:05 4745925                    /usr/lib/jvm/java-8-oracle/jre/lib/fonts/LucidaSansRegular.ttf
7f501581d000-7f5015872000 r--p 00000000 08:05 4745926                    /usr/lib/jvm/java-8-oracle/jre/lib/fonts/LucidaBrightRegular.ttf
7f5015872000-7f5015876000 r-xp 00000000 08:05 4747493                    /usr/lib/jvm/java-8-oracle/jre/lib/amd64/libjavafx_font_pango.so
7f5015876000-7f5015a75000 ---p 00004000 08:05 4747493                    /usr/lib/jvm/java-8-oracle/jre/lib/amd64/libjavafx_font_pango.so
7f5015a75000-7f5015a76000 rw-p 00003000 08:05 4747493                    /usr/lib/jvm/java-8-oracle/jre/lib/amd64/libjavafx_font_pango.so
7f5015a76000-7f5015a7b000 r-xp 00000000 08:05 4747499                    /usr/lib/jvm/java-8-oracle/jre/lib/amd64/libjavafx_font_freetype.so
7f5015a7b000-7f5015c7a000 ---p 00005000 08:05 4747499                    /usr/lib/jvm/java-8-oracle/jre/lib/amd64/libjavafx_font_freetype.so
7f5015c7a000-7f5015c7b000 rw-p 00004000 08:05 4747499                    /usr/lib/jvm/java-8-oracle/jre/lib/amd64/libjavafx_font_freetype.so
7f5015c7b000-7f5015c7e000 r-xp 00000000 08:05 4747583                    /usr/lib/jvm/java-8-oracle/jre/lib/amd64/libjavafx_font.so
7f5015c7e000-7f5015e7d000 ---p 00003000 08:05 4747583                    /usr/lib/jvm/java-8-oracle/jre/lib/amd64/libjavafx_font.so
7f5015e7d000-7f5015e7e000 rw-p 00002000 08:05 4747583                    /usr/lib/jvm/java-8-oracle/jre/lib/amd64/libjavafx_font.so
7f5015e7e000-7f501607e000 rw-p 00000000 00:00 0 
7f501607e000-7f5016081000 ---p 00000000 00:00 0 
7f5016081000-7f501617f000 rw-p 00000000 00:00 0 
7f501617f000-7f5016180000 ---p 00000000 00:00 0 
7f5016180000-7f5016980000 rw-p 00000000 00:00 0 
7f5016980000-7f5016981000 ---p 00000000 00:00 0 
7f5016981000-7f5017181000 rw-p 00000000 00:00 0 
7f5017181000-7f5017182000 ---p 00000000 00:00 0 
7f5017182000-7f5017982000 rw-p 00000000 00:00 0 
7f5017982000-7f501798d000 r-xp 00000000 08:05 3410654                    /usr/lib/x86_64-linux-gnu/gio/modules/libdconfsettings.so
7f501798d000-7f5017b8d000 ---p 0000b000 08:05 3410654                    /usr/lib/x86_64-linux-gnu/gio/modules/libdconfsettings.so
7f5017b8d000-7f5017b8e000 r--p 0000b000 08:05 3410654                    /usr/lib/x86_64-linux-gnu/gio/modules/libdconfsettings.so
7f5017b8e000-7f5017b8f000 rw-p 0000c000 08:05 3410654                    /usr/lib/x86_64-linux-gnu/gio/modules/libdconfsettings.so
7f5017b8f000-7f5017b96000 r-xp 00000000 08:05 3155453                    /usr/lib/x86_64-linux-gnu/libogg.so.0.8.2
7f5017b96000-7f5017d96000 ---p 00007000 08:05 3155453                    /usr/lib/x86_64-linux-gnu/libogg.so.0.8.2
7f5017d96000-7f5017d97000 r--p 00007000 08:05 3155453                    /usr/lib/x86_64-linux-gnu/libogg.so.0.8.2
7f5017d97000-7f5017d98000 rw-p 00008000 08:05 3155453                    /usr/lib/x86_64-linux-gnu/libogg.so.0.8.2
7f5017d98000-7f5017dc2000 r-xp 00000000 08:05 3151847                    /usr/lib/x86_64-linux-gnu/libvorbis.so.0.4.8
7f5017dc2000-7f5017fc1000 ---p 0002a000 08:05 3151847                    /usr/lib/x86_64-linux-gnu/libvorbis.so.0.4.8
7f5017fc1000-7f5017fc2000 r--p 00029000 08:05 3151847                    /usr/lib/x86_64-linux-gnu/libvorbis.so.0.4.8
7f5017fc2000-7f5017fc3000 rw-p 0002a000 08:05 3151847                    /usr/lib/x86_64-linux-gnu/libvorbis.so.0.4.8
7f5017fc3000-7f5017fcc000 r-xp 00000000 08:05 3155314                    /usr/lib/x86_64-linux-gnu/libltdl.so.7.3.1
7f5017fcc000-7f50181cb000 ---p 00009000 08:05 3155314                    /usr/lib/x86_64-linux-gnu/libltdl.so.7.3.1
7f50181cb000-7f50181cc000 r--p 00008000 08:05 3155314                    /usr/lib/x86_64-linux-gnu/libltdl.so.7.3.1
7f50181cc000-7f50181cd000 rw-p 00009000 08:05 3155314                    /usr/lib/x86_64-linux-gnu/libltdl.so.7.3.1
7f50181cd000-7f50181e1000 r-xp 00000000 08:05 3155702                    /usr/lib/x86_64-linux-gnu/libtdb.so.1.3.8
7f50181e1000-7f50183e0000 ---p 00014000 08:05 3155702                    /usr/lib/x86_64-linux-gnu/libtdb.so.1.3.8
7f50183e0000-7f50183e1000 r--p 00013000 08:05 3155702                    /usr/lib/x86_64-linux-gnu/libtdb.so.1.3.8
7f50183e1000-7f50183e2000 rw-p 00014000 08:05 3155702                    /usr/lib/x86_64-linux-gnu/libtdb.so.1.3.8
7f50183e2000-7f50183e9000 r-xp 00000000 08:05 3150514                    /usr/lib/x86_64-linux-gnu/libvorbisfile.so.3.3.7
7f50183e9000-7f50185e9000 ---p 00007000 08:05 3150514                    /usr/lib/x86_64-linux-gnu/libvorbisfile.so.3.3.7
7f50185e9000-7f50185ea000 r--p 00007000 08:05 3150514                    /usr/lib/x86_64-linux-gnu/libvorbisfile.so.3.3.7
7f50185ea000-7f50185eb000 rw-p 00008000 08:05 3150514                    /usr/lib/x86_64-linux-gnu/libvorbisfile.so.3.3.7
7f50185eb000-7f50185fb000 r-xp 00000000 08:05 3154695                    /usr/lib/x86_64-linux-gnu/libcanberra.so.0.2.5
7f50185fb000-7f50187fa000 ---p 00010000 08:05 3154695                    /usr/lib/x86_64-linux-gnu/libcanberra.so.0.2.5
7f50187fa000-7f50187fb000 r--p 0000f000 08:05 3154695                    /usr/lib/x86_64-linux-gnu/libcanberra.so.0.2.5
7f50187fb000-7f50187fc000 rw-p 00010000 08:05 3154695                    /usr/lib/x86_64-linux-gnu/libcanberra.so.0.2.5
7f50187fc000-7f5018800000 r-xp 00000000 08:05 3154691                    /usr/lib/x86_64-linux-gnu/libcanberra-gtk.so.0.1.9
7f5018800000-7f50189ff000 ---p 00004000 08:05 3154691                    /usr/lib/x86_64-linux-gnu/libcanberra-gtk.so.0.1.9
7f50189ff000-7f5018a00000 r--p 00003000 08:05 3154691                    /usr/lib/x86_64-linux-gnu/libcanberra-gtk.so.0.1.9
7f5018a00000-7f5018a01000 rw-p 00004000 08:05 3154691                    /usr/lib/x86_64-linux-gnu/libcanberra-gtk.so.0.1.9
7f5018a01000-7f5018a06000 r-xp 00000000 08:05 3410869                    /usr/lib/x86_64-linux-gnu/gtk-2.0/modules/libcanberra-gtk-module.so
7f5018a06000-7f5018c05000 ---p 00005000 08:05 3410869                    /usr/lib/x86_64-linux-gnu/gtk-2.0/modules/libcanberra-gtk-module.so
7f5018c05000-7f5018c06000 r--p 00004000 08:05 3410869                    /usr/lib/x86_64-linux-gnu/gtk-2.0/modules/libcanberra-gtk-module.so
7f5018c06000-7f5018c07000 rw-p 00005000 08:05 3410869                    /usr/lib/x86_64-linux-gnu/gtk-2.0/modules/libcanberra-gtk-module.so
7f5018c07000-7f5018c37000 r-xp 00000000 08:05 3410851                    /usr/lib/x86_64-linux-gnu/gtk-2.0/2.10.0/engines/libmurrine.so
7f5018c37000-7f5018e37000 ---p 00030000 08:05 3410851                    /usr/lib/x86_64-linux-gnu/gtk-2.0/2.10.0/engines/libmurrine.so
7f5018e37000-7f5018e38000 r--p 00030000 08:05 3410851                    /usr/lib/x86_64-linux-gnu/gtk-2.0/2.10.0/engines/libmurrine.so
7f5018e38000-7f5018e39000 rw-p 00031000 08:05 3410851                    /usr/lib/x86_64-linux-gnu/gtk-2.0/2.10.0/engines/libmurrine.so
7f5018e39000-7f5018e49000 r-xp 00000000 08:05 3155760                    /usr/lib/x86_64-linux-gnu/libunity-gtk2-parser.so.0.0.0
7f5018e49000-7f5019049000 ---p 00010000 08:05 3155760                    /usr/lib/x86_64-linux-gnu/libunity-gtk2-parser.so.0.0.0
7f5019049000-7f501904a000 r--p 00010000 08:05 3155760                    /usr/lib/x86_64-linux-gnu/libunity-gtk2-parser.so.0.0.0
7f501904a000-7f501904b000 rw-p 00011000 08:05 3155760                    /usr/lib/x86_64-linux-gnu/libunity-gtk2-parser.so.0.0.0
7f501904b000-7f5019050000 r-xp 00000000 08:05 3410873                    /usr/lib/x86_64-linux-gnu/gtk-2.0/modules/libunity-gtk-module.so
7f5019050000-7f501924f000 ---p 00005000 08:05 3410873                    /usr/lib/x86_64-linux-gnu/gtk-2.0/modules/libunity-gtk-module.so
7f501924f000-7f5019250000 r--p 00004000 08:05 3410873                    /usr/lib/x86_64-linux-gnu/gtk-2.0/modules/libunity-gtk-module.so
7f5019250000-7f5019251000 rw-p 00005000 08:05 3410873                    /usr/lib/x86_64-linux-gnu/gtk-2.0/modules/libunity-gtk-module.so
7f5019251000-7f5019263000 r-xp 00000000 08:05 2364185                    /lib/x86_64-linux-gnu/libgpg-error.so.0.17.0
7f5019263000-7f5019463000 ---p 00012000 08:05 2364185                    /lib/x86_64-linux-gnu/libgpg-error.so.0.17.0
7f5019463000-7f5019464000 r--p 00012000 08:05 2364185                    /lib/x86_64-linux-gnu/libgpg-error.so.0.17.0
7f5019464000-7f5019465000 rw-p 00013000 08:05 2364185                    /lib/x86_64-linux-gnu/libgpg-error.so.0.17.0
7f5019465000-7f501953c000 r-xp 00000000 08:05 2364025                    /lib/x86_64-linux-gnu/libgcrypt.so.20.0.5
7f501953c000-7f501973c000 ---p 000d7000 08:05 2364025                    /lib/x86_64-linux-gnu/libgcrypt.so.20.0.5
7f501973c000-7f501973d000 r--p 000d7000 08:05 2364025                    /lib/x86_64-linux-gnu/libgcrypt.so.20.0.5
7f501973d000-7f5019745000 rw-p 000d8000 08:05 2364025                    /lib/x86_64-linux-gnu/libgcrypt.so.20.0.5
7f5019745000-7f5019746000 rw-p 00000000 00:00 0 
7f5019746000-7f5019767000 r-xp 00000000 08:05 2364208                    /lib/x86_64-linux-gnu/liblzma.so.5.0.0
7f5019767000-7f5019966000 ---p 00021000 08:05 2364208                    /lib/x86_64-linux-gnu/liblzma.so.5.0.0
7f5019966000-7f5019967000 r--p 00020000 08:05 2364208                    /lib/x86_64-linux-gnu/liblzma.so.5.0.0
7f5019967000-7f5019968000 rw-p 00021000 08:05 2364208                    /lib/x86_64-linux-gnu/liblzma.so.5.0.0
7f5019968000-7f50199b2000 r-xp 00000000 08:05 2364157                    /lib/x86_64-linux-gnu/libdbus-1.so.3.14.6
7f50199b2000-7f5019bb2000 ---p 0004a000 08:05 2364157                    /lib/x86_64-linux-gnu/libdbus-1.so.3.14.6
7f5019bb2000-7f5019bb3000 r--p 0004a000 08:05 2364157                    /lib/x86_64-linux-gnu/libdbus-1.so.3.14.6
7f5019bb3000-7f5019bb4000 rw-p 0004b000 08:05 2364157                    /lib/x86_64-linux-gnu/libdbus-1.so.3.14.6
7f5019bb4000-7f5019be0000 r-xp 00000000 08:05 3154634                    /usr/lib/x86_64-linux-gnu/libatspi.so.0.0.1
7f5019be0000-7f5019ddf000 ---p 0002c000 08:05 3154634                    /usr/lib/x86_64-linux-gnu/libatspi.so.0.0.1
7f5019ddf000-7f5019de2000 r--p 0002b000 08:05 3154634                    /usr/lib/x86_64-linux-gnu/libatspi.so.0.0.1
7f5019de2000-7f5019de3000 rw-p 0002e000 08:05 3154634                    /usr/lib/x86_64-linux-gnu/libatspi.so.0.0.1
7f5019de3000-7f5019e10000 r-xp 00000000 08:05 3154628                    /usr/lib/x86_64-linux-gnu/libatk-bridge-2.0.so.0.0.0
7f5019e10000-7f501a00f000 ---p 0002d000 08:05 3154628                    /usr/lib/x86_64-linux-gnu/libatk-bridge-2.0.so.0.0.0
7f501a00f000-7f501a010000 r--p 0002c000 08:05 3154628                    /usr/lib/x86_64-linux-gnu/libatk-bridge-2.0.so.0.0.0
7f501a010000-7f501a012000 rw-p 0002d000 08:05 3154628                    /usr/lib/x86_64-linux-gnu/libatk-bridge-2.0.so.0.0.0
7f501a012000-7f501a013000 r-xp 00000000 08:05 3410868                    /usr/lib/x86_64-linux-gnu/gtk-2.0/modules/libatk-bridge.so
7f501a013000-7f501a212000 ---p 00001000 08:05 3410868                    /usr/lib/x86_64-linux-gnu/gtk-2.0/modules/libatk-bridge.so
7f501a212000-7f501a213000 r--p 00000000 08:05 3410868                    /usr/lib/x86_64-linux-gnu/gtk-2.0/modules/libatk-bridge.so
7f501a213000-7f501a214000 rw-p 00001000 08:05 3410868                    /usr/lib/x86_64-linux-gnu/gtk-2.0/modules/libatk-bridge.so
7f501a214000-7f501a21b000 r-xp 00000000 08:05 3146266                    /usr/lib/x86_64-linux-gnu/libgailutil.so.18.0.1
7f501a21b000-7f501a41a000 ---p 00007000 08:05 3146266                    /usr/lib/x86_64-linux-gnu/libgailutil.so.18.0.1
7f501a41a000-7f501a41b000 r--p 00006000 08:05 3146266                    /usr/lib/x86_64-linux-gnu/libgailutil.so.18.0.1
7f501a41b000-7f501a41c000 rw-p 00007000 08:05 3146266                    /usr/lib/x86_64-linux-gnu/libgailutil.so.18.0.1
7f501a41c000-7f501a46a000 r-xp 00000000 08:05 3409111                    /usr/lib/x86_64-linux-gnu/gtk-2.0/modules/libgail.so
7f501a46a000-7f501a669000 ---p 0004e000 08:05 3409111                    /usr/lib/x86_64-linux-gnu/gtk-2.0/modules/libgail.so
7f501a669000-7f501a66a000 r--p 0004d000 08:05 3409111                    /usr/lib/x86_64-linux-gnu/gtk-2.0/modules/libgail.so
7f501a66a000-7f501a66c000 rw-p 0004e000 08:05 3409111                    /usr/lib/x86_64-linux-gnu/gtk-2.0/modules/libgail.so
7f501a66c000-7f501a67d000 r-xp 00000000 08:05 3410872                    /usr/lib/x86_64-linux-gnu/gtk-2.0/modules/liboverlay-scrollbar.so
7f501a67d000-7f501a87d000 ---p 00011000 08:05 3410872                    /usr/lib/x86_64-linux-gnu/gtk-2.0/modules/liboverlay-scrollbar.so
7f501a87d000-7f501a87e000 r--p 00011000 08:05 3410872                    /usr/lib/x86_64-linux-gnu/gtk-2.0/modules/liboverlay-scrollbar.so
7f501a87e000-7f501a87f000 rw-p 00012000 08:05 3410872                    /usr/lib/x86_64-linux-gnu/gtk-2.0/modules/liboverlay-scrollbar.so
7f501a87f000-7f501a8a8000 r-xp 00000000 08:05 4747531                    /usr/lib/jvm/java-8-oracle/jre/lib/amd64/libglass.so
7f501a8a8000-7f501aaa7000 ---p 00029000 08:05 4747531                    /usr/lib/jvm/java-8-oracle/jre/lib/amd64/libglass.so
7f501aaa7000-7f501aaaa000 rw-p 00028000 08:05 4747531                    /usr/lib/jvm/java-8-oracle/jre/lib/amd64/libglass.so
7f501aaaa000-7f501aab2000 r-xp 00000000 08:05 3155495                    /usr/lib/x86_64-linux-gnu/libpciaccess.so.0.11.1
7f501aab2000-7f501acb2000 ---p 00008000 08:05 3155495                    /usr/lib/x86_64-linux-gnu/libpciaccess.so.0.11.1
7f501acb2000-7f501acb3000 r--p 00008000 08:05 3155495                    /usr/lib/x86_64-linux-gnu/libpciaccess.so.0.11.1
7f501acb3000-7f501acb4000 rw-p 00009000 08:05 3155495                    /usr/lib/x86_64-linux-gnu/libpciaccess.so.0.11.1
7f501acb4000-7f501acbf000 r-xp 00000000 08:05 3154835                    /usr/lib/x86_64-linux-gnu/libdrm_radeon.so.1.0.1
7f501acbf000-7f501aebe000 ---p 0000b000 08:05 3154835                    /usr/lib/x86_64-linux-gnu/libdrm_radeon.so.1.0.1
7f501aebe000-7f501aebf000 r--p 0000a000 08:05 3154835                    /usr/lib/x86_64-linux-gnu/libdrm_radeon.so.1.0.1
7f501aebf000-7f501aec0000 rw-p 0000b000 08:05 3154835                    /usr/lib/x86_64-linux-gnu/libdrm_radeon.so.1.0.1
7f501aec0000-7f501aec7000 r-xp 00000000 08:05 3154839                    /usr/lib/x86_64-linux-gnu/libdrm_nouveau.so.2.0.0
7f501aec7000-7f501b0c6000 ---p 00007000 08:05 3154839                    /usr/lib/x86_64-linux-gnu/libdrm_nouveau.so.2.0.0
7f501b0c6000-7f501b0c7000 r--p 00006000 08:05 3154839                    /usr/lib/x86_64-linux-gnu/libdrm_nouveau.so.2.0.0
7f501b0c7000-7f501b0c8000 rw-p 00007000 08:05 3154839                    /usr/lib/x86_64-linux-gnu/libdrm_nouveau.so.2.0.0
7f501b0c8000-7f501b0ea000 r-xp 00000000 08:05 3271721                    /usr/lib/x86_64-linux-gnu/libdrm_intel.so.1.0.0
7f501b0ea000-7f501b2ea000 ---p 00022000 08:05 3271721                    /usr/lib/x86_64-linux-gnu/libdrm_intel.so.1.0.0
7f501b2ea000-7f501b2eb000 r--p 00022000 08:05 3271721                    /usr/lib/x86_64-linux-gnu/libdrm_intel.so.1.0.0
7f501b2eb000-7f501b2ec000 rw-p 00023000 08:05 3271721                    /usr/lib/x86_64-linux-gnu/libdrm_intel.so.1.0.0
7f501b2ec000-7f501bbcc000 r-xp 00000000 08:05 3411370                    /usr/lib/x86_64-linux-gnu/dri/i965_dri.so
7f501bbcc000-7f501bdcc000 ---p 008e0000 08:05 3411370                    /usr/lib/x86_64-linux-gnu/dri/i965_dri.so
7f501bdcc000-7f501be1c000 r--p 008e0000 08:05 3411370                    /usr/lib/x86_64-linux-gnu/dri/i965_dri.so
7f501be1c000-7f501be27000 rw-p 00930000 08:05 3411370                    /usr/lib/x86_64-linux-gnu/dri/i965_dri.so
7f501be27000-7f501becc000 rw-p 00000000 00:00 0 
7f501becc000-7f501bed2000 r-xp 00000000 08:05 3154781                    /usr/lib/x86_64-linux-gnu/libdatrie.so.1.3.3
7f501bed2000-7f501c0d2000 ---p 00006000 08:05 3154781                    /usr/lib/x86_64-linux-gnu/libdatrie.so.1.3.3
7f501c0d2000-7f501c0d3000 r--p 00006000 08:05 3154781                    /usr/lib/x86_64-linux-gnu/libdatrie.so.1.3.3
7f501c0d3000-7f501c0d4000 rw-p 00007000 08:05 3154781                    /usr/lib/x86_64-linux-gnu/libdatrie.so.1.3.3
7f501c0d4000-7f501c0d9000 r-xp 00000000 08:05 3154531                    /usr/lib/x86_64-linux-gnu/libXdmcp.so.6.0.0
7f501c0d9000-7f501c2d8000 ---p 00005000 08:05 3154531                    /usr/lib/x86_64-linux-gnu/libXdmcp.so.6.0.0
7f501c2d8000-7f501c2d9000 r--p 00004000 08:05 3154531                    /usr/lib/x86_64-linux-gnu/libXdmcp.so.6.0.0
7f501c2d9000-7f501c2da000 rw-p 00005000 08:05 3154531                    /usr/lib/x86_64-linux-gnu/libXdmcp.so.6.0.0
7f501c2da000-7f501c2dc000 r-xp 00000000 08:05 3154520                    /usr/lib/x86_64-linux-gnu/libXau.so.6.0.0
7f501c2dc000-7f501c4dc000 ---p 00002000 08:05 3154520                    /usr/lib/x86_64-linux-gnu/libXau.so.6.0.0
7f501c4dc000-7f501c4dd000 r--p 00002000 08:05 3154520                    /usr/lib/x86_64-linux-gnu/libXau.so.6.0.0
7f501c4dd000-7f501c4de000 rw-p 00003000 08:05 3154520                    /usr/lib/x86_64-linux-gnu/libXau.so.6.0.0
7f501c4de000-7f501c502000 r-xp 00000000 08:05 3151433                    /usr/lib/x86_64-linux-gnu/libgraphite2.so.3.0.1
7f501c502000-7f501c701000 ---p 00024000 08:05 3151433                    /usr/lib/x86_64-linux-gnu/libgraphite2.so.3.0.1
7f501c701000-7f501c703000 r--p 00023000 08:05 3151433                    /usr/lib/x86_64-linux-gnu/libgraphite2.so.3.0.1
7f501c703000-7f501c704000 rw-p 00025000 08:05 3151433                    /usr/lib/x86_64-linux-gnu/libgraphite2.so.3.0.1
7f501c704000-7f501c714000 r-xp 00000000 08:05 3163264                    /usr/lib/x86_64-linux-gnu/libdrm.so.2.4.0
7f501c714000-7f501c914000 ---p 00010000 08:05 3163264                    /usr/lib/x86_64-linux-gnu/libdrm.so.2.4.0
7f501c914000-7f501c915000 r--p 00010000 08:05 3163264                    /usr/lib/x86_64-linux-gnu/libdrm.so.2.4.0
7f501c915000-7f501c916000 rw-p 00011000 08:05 3163264                    /usr/lib/x86_64-linux-gnu/libdrm.so.2.4.0
7f501c916000-7f501c91a000 r-xp 00000000 08:05 3155906                    /usr/lib/x86_64-linux-gnu/libxcb-dri2.so.0.0.0
7f501c91a000-7f501cb19000 ---p 00004000 08:05 3155906                    /usr/lib/x86_64-linux-gnu/libxcb-dri2.so.0.0.0
7f501cb19000-7f501cb1a000 r--p 00003000 08:05 3155906                    /usr/lib/x86_64-linux-gnu/libxcb-dri2.so.0.0.0
7f501cb1a000-7f501cb1b000 rw-p 00004000 08:05 3155906                    /usr/lib/x86_64-linux-gnu/libxcb-dri2.so.0.0.0
7f501cb1b000-7f501cb32000 r-xp 00000000 08:05 3155910                    /usr/lib/x86_64-linux-gnu/libxcb-glx.so.0.0.0
7f501cb32000-7f501cd31000 ---p 00017000 08:05 3155910                    /usr/lib/x86_64-linux-gnu/libxcb-glx.so.0.0.0
7f501cd31000-7f501cd33000 r--p 00016000 08:05 3155910                    /usr/lib/x86_64-linux-gnu/libxcb-glx.so.0.0.0
7f501cd33000-7f501cd34000 rw-p 00018000 08:05 3155910                    /usr/lib/x86_64-linux-gnu/libxcb-glx.so.0.0.0
7f501cd34000-7f501cd35000 r-xp 00000000 08:05 3147928                    /usr/lib/x86_64-linux-gnu/libX11-xcb.so.1.0.0
7f501cd35000-7f501cf34000 ---p 00001000 08:05 3147928                    /usr/lib/x86_64-linux-gnu/libX11-xcb.so.1.0.0
7f501cf34000-7f501cf35000 r--p 00000000 08:05 3147928                    /usr/lib/x86_64-linux-gnu/libX11-xcb.so.1.0.0
7f501cf35000-7f501cf36000 rw-p 00001000 08:05 3147928                    /usr/lib/x86_64-linux-gnu/libX11-xcb.so.1.0.0
7f501cf36000-7f501cf62000 r-xp 00000000 08:05 3155032                    /usr/lib/x86_64-linux-gnu/libglapi.so.0.0.0
7f501cf62000-7f501d161000 ---p 0002c000 08:05 3155032                    /usr/lib/x86_64-linux-gnu/libglapi.so.0.0.0
7f501d161000-7f501d165000 r--p 0002b000 08:05 3155032                    /usr/lib/x86_64-linux-gnu/libglapi.so.0.0.0
7f501d165000-7f501d166000 rw-p 0002f000 08:05 3155032                    /usr/lib/x86_64-linux-gnu/libglapi.so.0.0.0
7f501d166000-7f501d167000 rw-p 00000000 00:00 0 
7f501d167000-7f501d168000 r-xp 00000000 08:05 3155950                    /usr/lib/x86_64-linux-gnu/libxshmfence.so.1.0.0
7f501d168000-7f501d368000 ---p 00001000 08:05 3155950                    /usr/lib/x86_64-linux-gnu/libxshmfence.so.1.0.0
7f501d368000-7f501d369000 r--p 00001000 08:05 3155950                    /usr/lib/x86_64-linux-gnu/libxshmfence.so.1.0.0
7f501d369000-7f501d36a000 rw-p 00002000 08:05 3155950                    /usr/lib/x86_64-linux-gnu/libxshmfence.so.1.0.0
7f501d36a000-7f501d36f000 r-xp 00000000 08:05 3155930                    /usr/lib/x86_64-linux-gnu/libxcb-sync.so.1.0.0
7f501d36f000-7f501d56f000 ---p 00005000 08:05 3155930                    /usr/lib/x86_64-linux-gnu/libxcb-sync.so.1.0.0
7f501d56f000-7f501d570000 r--p 00005000 08:05 3155930                    /usr/lib/x86_64-linux-gnu/libxcb-sync.so.1.0.0
7f501d570000-7f501d571000 rw-p 00006000 08:05 3155930                    /usr/lib/x86_64-linux-gnu/libxcb-sync.so.1.0.0
7f501d571000-7f501d573000 r-xp 00000000 08:05 3155918                    /usr/lib/x86_64-linux-gnu/libxcb-present.so.0.0.0
7f501d573000-7f501d772000 ---p 00002000 08:05 3155918                    /usr/lib/x86_64-linux-gnu/libxcb-present.so.0.0.0
7f501d772000-7f501d773000 r--p 00001000 08:05 3155918                    /usr/lib/x86_64-linux-gnu/libxcb-present.so.0.0.0
7f501d773000-7f501d774000 rw-p 00002000 08:05 3155918                    /usr/lib/x86_64-linux-gnu/libxcb-present.so.0.0.0
7f501d774000-7f501d776000 r-xp 00000000 08:05 3155908                    /usr/lib/x86_64-linux-gnu/libxcb-dri3.so.0.0.0
7f501d776000-7f501d975000 ---p 00002000 08:05 3155908                    /usr/lib/x86_64-linux-gnu/libxcb-dri3.so.0.0.0
7f501d975000-7f501d976000 r--p 00001000 08:05 3155908                    /usr/lib/x86_64-linux-gnu/libxcb-dri3.so.0.0.0
7f501d976000-7f501d977000 rw-p 00002000 08:05 3155908                    /usr/lib/x86_64-linux-gnu/libxcb-dri3.so.0.0.0
7f501d977000-7f501d9e5000 r-xp 00000000 08:05 2364270                    /lib/x86_64-linux-gnu/libpcre.so.3.13.2
7f501d9e5000-7f501dbe5000 ---p 0006e000 08:05 2364270                    /lib/x86_64-linux-gnu/libpcre.so.3.13.2
7f501dbe5000-7f501dbe6000 r--p 0006e000 08:05 2364270                    /lib/x86_64-linux-gnu/libpcre.so.3.13.2
7f501dbe6000-7f501dbe7000 rw-p 0006f000 08:05 2364270                    /lib/x86_64-linux-gnu/libpcre.so.3.13.2
7f501dbe7000-7f501dbee000 r-xp 00000000 08:05 3154910                    /usr/lib/x86_64-linux-gnu/libffi.so.6.0.4
7f501dbee000-7f501dded000 ---p 00007000 08:05 3154910                    /usr/lib/x86_64-linux-gnu/libffi.so.6.0.4
7f501dded000-7f501ddee000 r--p 00006000 08:05 3154910                    /usr/lib/x86_64-linux-gnu/libffi.so.6.0.4
7f501ddee000-7f501ddef000 rw-p 00007000 08:05 3154910                    /usr/lib/x86_64-linux-gnu/libffi.so.6.0.4
7f501ddef000-7f501de15000 r-xp 00000000 08:05 2364172                    /lib/x86_64-linux-gnu/libexpat.so.1.6.0
7f501de15000-7f501e015000 ---p 00026000 08:05 2364172                    /lib/x86_64-linux-gnu/libexpat.so.1.6.0
7f501e015000-7f501e017000 r--p 00026000 08:05 2364172                    /lib/x86_64-linux-gnu/libexpat.so.1.6.0
7f501e017000-7f501e018000 rw-p 00028000 08:05 2364172                    /lib/x86_64-linux-gnu/libexpat.so.1.6.0
7f501e018000-7f501e020000 r-xp 00000000 08:05 3155710                    /usr/lib/x86_64-linux-gnu/libthai.so.0.2.4
7f501e020000-7f501e21f000 ---p 00008000 08:05 3155710                    /usr/lib/x86_64-linux-gnu/libthai.so.0.2.4
7f501e21f000-7f501e220000 r--p 00007000 08:05 3155710                    /usr/lib/x86_64-linux-gnu/libthai.so.0.2.4
7f501e220000-7f501e221000 rw-p 00008000 08:05 3155710                    /usr/lib/x86_64-linux-gnu/libthai.so.0.2.4
7f501e221000-7f501e242000 r-xp 00000000 08:05 3155938                    /usr/lib/x86_64-linux-gnu/libxcb.so.1.1.0
7f501e242000-7f501e441000 ---p 00021000 08:05 3155938                    /usr/lib/x86_64-linux-gnu/libxcb.so.1.1.0
7f501e441000-7f501e442000 r--p 00020000 08:05 3155938                    /usr/lib/x86_64-linux-gnu/libxcb.so.1.1.0
7f501e442000-7f501e443000 rw-p 00021000 08:05 3155938                    /usr/lib/x86_64-linux-gnu/libxcb.so.1.1.0
7f501e443000-7f501e44b000 r-xp 00000000 08:05 3155924                    /usr/lib/x86_64-linux-gnu/libxcb-render.so.0.0.0
7f501e44b000-7f501e64b000 ---p 00008000 08:05 3155924                    /usr/lib/x86_64-linux-gnu/libxcb-render.so.0.0.0
7f501e64b000-7f501e64c000 r--p 00008000 08:05 3155924                    /usr/lib/x86_64-linux-gnu/libxcb-render.so.0.0.0
7f501e64c000-7f501e64d000 rw-p 00009000 08:05 3155924                    /usr/lib/x86_64-linux-gnu/libxcb-render.so.0.0.0
7f501e64d000-7f501e64f000 r-xp 00000000 08:05 3155928                    /usr/lib/x86_64-linux-gnu/libxcb-shm.so.0.0.0
7f501e64f000-7f501e84f000 ---p 00002000 08:05 3155928                    /usr/lib/x86_64-linux-gnu/libxcb-shm.so.0.0.0
7f501e84f000-7f501e850000 r--p 00002000 08:05 3155928                    /usr/lib/x86_64-linux-gnu/libxcb-shm.so.0.0.0
7f501e850000-7f501e851000 rw-p 00003000 08:05 3155928                    /usr/lib/x86_64-linux-gnu/libxcb-shm.so.0.0.0
7f501e851000-7f501e875000 r-xp 00000000 08:05 2371658                    /lib/x86_64-linux-gnu/libpng12.so.0.54.0
7f501e875000-7f501ea74000 ---p 00024000 08:05 2371658                    /lib/x86_64-linux-gnu/libpng12.so.0.54.0
7f501ea74000-7f501ea75000 r--p 00023000 08:05 2371658                    /lib/x86_64-linux-gnu/libpng12.so.0.54.0
7f501ea75000-7f501ea76000 rw-p 00024000 08:05 2371658                    /lib/x86_64-linux-gnu/libpng12.so.0.54.0
7f501ea76000-7f501eb15000 r-xp 00000000 08:05 3155509                    /usr/lib/x86_64-linux-gnu/libpixman-1.so.0.33.6
7f501eb15000-7f501ed15000 ---p 0009f000 08:05 3155509                    /usr/lib/x86_64-linux-gnu/libpixman-1.so.0.33.6
7f501ed15000-7f501ed1d000 r--p 0009f000 08:05 3155509                    /usr/lib/x86_64-linux-gnu/libpixman-1.so.0.33.6
7f501ed1d000-7f501ed1e000 rw-p 000a7000 08:05 3155509                    /usr/lib/x86_64-linux-gnu/libpixman-1.so.0.33.6
7f501ed1e000-7f501ed7a000 r-xp 00000000 08:05 3155173                    /usr/lib/x86_64-linux-gnu/libharfbuzz.so.0.10000.1
7f501ed7a000-7f501ef7a000 ---p 0005c000 08:05 3155173                    /usr/lib/x86_64-linux-gnu/libharfbuzz.so.0.10000.1
7f501ef7a000-7f501ef7b000 r--p 0005c000 08:05 3155173                    /usr/lib/x86_64-linux-gnu/libharfbuzz.so.0.10000.1
7f501ef7b000-7f501ef7c000 rw-p 0005d000 08:05 3155173                    /usr/lib/x86_64-linux-gnu/libharfbuzz.so.0.10000.1
7f501ef7c000-7f501ef93000 r-xp 00000000 08:05 2359383                    /lib/x86_64-linux-gnu/libresolv-2.23.so
7f501ef93000-7f501f193000 ---p 00017000 08:05 2359383                    /lib/x86_64-linux-gnu/libresolv-2.23.so
7f501f193000-7f501f194000 r--p 00017000 08:05 2359383                    /lib/x86_64-linux-gnu/libresolv-2.23.so
7f501f194000-7f501f195000 rw-p 00018000 08:05 2359383                    /lib/x86_64-linux-gnu/libresolv-2.23.so
7f501f195000-7f501f197000 rw-p 00000000 00:00 0 
7f501f197000-7f501f1b6000 r-xp 00000000 08:05 2364299                    /lib/x86_64-linux-gnu/libselinux.so.1
7f501f1b6000-7f501f3b5000 ---p 0001f000 08:05 2364299                    /lib/x86_64-linux-gnu/libselinux.so.1
7f501f3b5000-7f501f3b6000 r--p 0001e000 08:05 2364299                    /lib/x86_64-linux-gnu/libselinux.so.1
7f501f3b6000-7f501f3b7000 rw-p 0001f000 08:05 2364299                    /lib/x86_64-linux-gnu/libselinux.so.1
7f501f3b7000-7f501f3b9000 rw-p 00000000 00:00 0 
7f501f3b9000-7f501f3d2000 r-xp 00000000 08:05 2364332                    /lib/x86_64-linux-gnu/libz.so.1.2.8
7f501f3d2000-7f501f5d1000 ---p 00019000 08:05 2364332                    /lib/x86_64-linux-gnu/libz.so.1.2.8
7f501f5d1000-7f501f5d2000 r--p 00018000 08:05 2364332                    /lib/x86_64-linux-gnu/libz.so.1.2.8
7f501f5d2000-7f501f5d3000 rw-p 00019000 08:05 2364332                    /lib/x86_64-linux-gnu/libz.so.1.2.8
7f501f5d3000-7f501f5e4000 r-xp 00000000 08:05 3154533                    /usr/lib/x86_64-linux-gnu/libXext.so.6.4.0
7f501f5e4000-7f501f7e3000 ---p 00011000 08:05 3154533                    /usr/lib/x86_64-linux-gnu/libXext.so.6.4.0
7f501f7e3000-7f501f7e4000 r--p 00010000 08:05 3154533                    /usr/lib/x86_64-linux-gnu/libXext.so.6.4.0
7f501f7e4000-7f501f7e5000 rw-p 00011000 08:05 3154533                    /usr/lib/x86_64-linux-gnu/libXext.so.6.4.0
7f501f7e5000-7f501f7e7000 r-xp 00000000 08:05 3154529                    /usr/lib/x86_64-linux-gnu/libXdamage.so.1.1.0
7f501f7e7000-7f501f9e6000 ---p 00002000 08:05 3154529                    /usr/lib/x86_64-linux-gnu/libXdamage.so.1.1.0
7f501f9e6000-7f501f9e7000 r--p 00001000 08:05 3154529                    /usr/lib/x86_64-linux-gnu/libXdamage.so.1.1.0
7f501f9e7000-7f501f9e8000 rw-p 00002000 08:05 3154529                    /usr/lib/x86_64-linux-gnu/libXdamage.so.1.1.0
7f501f9e8000-7f501f9ea000 r-xp 00000000 08:05 3154525                    /usr/lib/x86_64-linux-gnu/libXcomposite.so.1.0.0
7f501f9ea000-7f501fbe9000 ---p 00002000 08:05 3154525                    /usr/lib/x86_64-linux-gnu/libXcomposite.so.1.0.0
7f501fbe9000-7f501fbea000 r--p 00001000 08:05 3154525                    /usr/lib/x86_64-linux-gnu/libXcomposite.so.1.0.0
7f501fbea000-7f501fbeb000 rw-p 00002000 08:05 3154525                    /usr/lib/x86_64-linux-gnu/libXcomposite.so.1.0.0
7f501fbeb000-7f501fbf4000 r-xp 00000000 08:05 3152224                    /usr/lib/x86_64-linux-gnu/libXcursor.so.1.0.2
7f501fbf4000-7f501fdf3000 ---p 00009000 08:05 3152224                    /usr/lib/x86_64-linux-gnu/libXcursor.so.1.0.2
7f501fdf3000-7f501fdf4000 r--p 00008000 08:05 3152224                    /usr/lib/x86_64-linux-gnu/libXcursor.so.1.0.2
7f501fdf4000-7f501fdf5000 rw-p 00009000 08:05 3152224                    /usr/lib/x86_64-linux-gnu/libXcursor.so.1.0.2
7f501fdf5000-7f501fdff000 r-xp 00000000 08:05 3154553                    /usr/lib/x86_64-linux-gnu/libXrandr.so.2.2.0
7f501fdff000-7f501fffe000 ---p 0000a000 08:05 3154553                    /usr/lib/x86_64-linux-gnu/libXrandr.so.2.2.0
7f501fffe000-7f501ffff000 r--p 00009000 08:05 3154553                    /usr/lib/x86_64-linux-gnu/libXrandr.so.2.2.0
7f501ffff000-7f5020000000 rw-p 0000a000 08:05 3154553                    /usr/lib/x86_64-linux-gnu/libXrandr.so.2.2.0
7f5020000000-7f50202d7000 rw-p 00000000 00:00 0 
7f50202d7000-7f5024000000 ---p 00000000 00:00 0 
7f5024000000-7f5025ee7000 rw-p 00000000 00:00 0 
7f5025ee7000-7f5028000000 ---p 00000000 00:00 0 
7f5028000000-7f5028021000 rw-p 00000000 00:00 0 
7f5028021000-7f502c000000 ---p 00000000 00:00 0 
7f502c000000-7f502c021000 rw-p 00000000 00:00 0 
7f502c021000-7f5030000000 ---p 00000000 00:00 0 
7f5030000000-7f5030157000 rw-p 00000000 00:00 0 
7f5030157000-7f5034000000 ---p 00000000 00:00 0 
7f5034000000-7f50343cd000 rw-p 00000000 00:00 0 
7f50343cd000-7f5038000000 ---p 00000000 00:00 0 
7f5038000000-7f503802b000 rw-p 00000000 00:00 0 
7f503802b000-7f503c000000 ---p 00000000 00:00 0 
7f503c000000-7f503c1bd000 rw-p 00000000 00:00 0 
7f503c1bd000-7f5040000000 ---p 00000000 00:00 0 
7f5040000000-7f5040021000 rw-p 00000000 00:00 0 
7f5040021000-7f5044000000 ---p 00000000 00:00 0 
7f5044000000-7f5044021000 rw-p 00000000 00:00 0 
7f5044021000-7f5048000000 ---p 00000000 00:00 0 
7f5048000000-7f5048021000 rw-p 00000000 00:00 0 
7f5048021000-7f504c000000 ---p 00000000 00:00 0 
7f504c002000-7f504c00e000 rw-s 00000000 00:19 931                        /i915 (deleted)
7f504c00e000-7f504c01d000 r-xp 00000000 08:05 3154543                    /usr/lib/x86_64-linux-gnu/libXi.so.6.1.0
7f504c01d000-7f504c21c000 ---p 0000f000 08:05 3154543                    /usr/lib/x86_64-linux-gnu/libXi.so.6.1.0
7f504c21c000-7f504c21d000 r--p 0000e000 08:05 3154543                    /usr/lib/x86_64-linux-gnu/libXi.so.6.1.0
7f504c21d000-7f504c21e000 rw-p 0000f000 08:05 3154543                    /usr/lib/x86_64-linux-gnu/libXi.so.6.1.0
7f504c21e000-7f504c220000 r-xp 00000000 08:05 3154545                    /usr/lib/x86_64-linux-gnu/libXinerama.so.1.0.0
7f504c220000-7f504c41f000 ---p 00002000 08:05 3154545                    /usr/lib/x86_64-linux-gnu/libXinerama.so.1.0.0
7f504c41f000-7f504c420000 r--p 00001000 08:05 3154545                    /usr/lib/x86_64-linux-gnu/libXinerama.so.1.0.0
7f504c420000-7f504c421000 rw-p 00002000 08:05 3154545                    /usr/lib/x86_64-linux-gnu/libXinerama.so.1.0.0
7f504c421000-7f504c42a000 r-xp 00000000 08:05 3154555                    /usr/lib/x86_64-linux-gnu/libXrender.so.1.3.0
7f504c42a000-7f504c629000 ---p 00009000 08:05 3154555                    /usr/lib/x86_64-linux-gnu/libXrender.so.1.3.0
7f504c629000-7f504c62a000 r--p 00008000 08:05 3154555                    /usr/lib/x86_64-linux-gnu/libXrender.so.1.3.0
7f504c62a000-7f504c62b000 rw-p 00009000 08:05 3154555                    /usr/lib/x86_64-linux-gnu/libXrender.so.1.3.0
7f504c62b000-7f504c630000 r-xp 00000000 08:05 3154535                    /usr/lib/x86_64-linux-gnu/libXfixes.so.3.1.0
7f504c630000-7f504c82f000 ---p 00005000 08:05 3154535                    /usr/lib/x86_64-linux-gnu/libXfixes.so.3.1.0
7f504c82f000-7f504c830000 r--p 00004000 08:05 3154535                    /usr/lib/x86_64-linux-gnu/libXfixes.so.3.1.0
7f504c830000-7f504c831000 rw-p 00005000 08:05 3154535                    /usr/lib/x86_64-linux-gnu/libXfixes.so.3.1.0
7f504c831000-7f504c847000 r-xp 00000000 08:05 2364179                    /lib/x86_64-linux-gnu/libgcc_s.so.1
7f504c847000-7f504ca46000 ---p 00016000 08:05 2364179                    /lib/x86_64-linux-gnu/libgcc_s.so.1
7f504ca46000-7f504ca47000 rw-p 00015000 08:05 2364179                    /lib/x86_64-linux-gnu/libgcc_s.so.1
7f504ca47000-7f504cbb9000 r-xp 00000000 08:05 3147795                    /usr/lib/x86_64-linux-gnu/libstdc++.so.6.0.21
7f504cbb9000-7f504cdb9000 ---p 00172000 08:05 3147795                    /usr/lib/x86_64-linux-gnu/libstdc++.so.6.0.21
7f504cdb9000-7f504cdc3000 r--p 00172000 08:05 3147795                    /usr/lib/x86_64-linux-gnu/libstdc++.so.6.0.21
7f504cdc3000-7f504cdc5000 rw-p 0017c000 08:05 3147795                    /usr/lib/x86_64-linux-gnu/libstdc++.so.6.0.21
7f504cdc5000-7f504cdc9000 rw-p 00000000 00:00 0 
7f504cdc9000-7f504ce39000 r-xp 00000000 08:05 3415969                    /usr/lib/x86_64-linux-gnu/mesa/libGL.so.1.2.0
7f504ce39000-7f504d038000 ---p 00070000 08:05 3415969                    /usr/lib/x86_64-linux-gnu/mesa/libGL.so.1.2.0
7f504d038000-7f504d03b000 r--p 0006f000 08:05 3415969                    /usr/lib/x86_64-linux-gnu/mesa/libGL.so.1.2.0
7f504d03b000-7f504d03c000 rw-p 00072000 08:05 3415969                    /usr/lib/x86_64-linux-gnu/mesa/libGL.so.1.2.0
7f504d03c000-7f504d03d000 rw-p 00000000 00:00 0 
7f504d03d000-7f504d042000 r-xp 00000000 08:05 3154571                    /usr/lib/x86_64-linux-gnu/libXxf86vm.so.1.0.0
7f504d042000-7f504d241000 ---p 00005000 08:05 3154571                    /usr/lib/x86_64-linux-gnu/libXxf86vm.so.1.0.0
7f504d241000-7f504d242000 r--p 00004000 08:05 3154571                    /usr/lib/x86_64-linux-gnu/libXxf86vm.so.1.0.0
7f504d242000-7f504d243000 rw-p 00005000 08:05 3154571                    /usr/lib/x86_64-linux-gnu/libXxf86vm.so.1.0.0
7f504d243000-7f504d378000 r-xp 00000000 08:05 3147636                    /usr/lib/x86_64-linux-gnu/libX11.so.6.3.0
7f504d378000-7f504d578000 ---p 00135000 08:05 3147636                    /usr/lib/x86_64-linux-gnu/libX11.so.6.3.0
7f504d578000-7f504d579000 r--p 00135000 08:05 3147636                    /usr/lib/x86_64-linux-gnu/libX11.so.6.3.0
7f504d579000-7f504d57d000 rw-p 00136000 08:05 3147636                    /usr/lib/x86_64-linux-gnu/libX11.so.6.3.0
7f504d57d000-7f504d582000 r-xp 00000000 08:05 3154561                    /usr/lib/x86_64-linux-gnu/libXtst.so.6.1.0
7f504d582000-7f504d781000 ---p 00005000 08:05 3154561                    /usr/lib/x86_64-linux-gnu/libXtst.so.6.1.0
7f504d781000-7f504d782000 r--p 00004000 08:05 3154561                    /usr/lib/x86_64-linux-gnu/libXtst.so.6.1.0
7f504d782000-7f504d783000 rw-p 00005000 08:05 3154561                    /usr/lib/x86_64-linux-gnu/libXtst.so.6.1.0
7f504d783000-7f504d892000 r-xp 00000000 08:05 2393610                    /lib/x86_64-linux-gnu/libglib-2.0.so.0.4800.2
7f504d892000-7f504da91000 ---p 0010f000 08:05 2393610                    /lib/x86_64-linux-gnu/libglib-2.0.so.0.4800.2
7f504da91000-7f504da92000 r--p 0010e000 08:05 2393610                    /lib/x86_64-linux-gnu/libglib-2.0.so.0.4800.2
7f504da92000-7f504da93000 rw-p 0010f000 08:05 2393610                    /lib/x86_64-linux-gnu/libglib-2.0.so.0.4800.2
7f504da93000-7f504da94000 rw-p 00000000 00:00 0 
7f504da94000-7f504da95000 r-xp 00000000 08:05 3146171                    /usr/lib/x86_64-linux-gnu/libgthread-2.0.so.0.4800.2
7f504da95000-7f504dc94000 ---p 00001000 08:05 3146171                    /usr/lib/x86_64-linux-gnu/libgthread-2.0.so.0.4800.2
7f504dc94000-7f504dc95000 r--p 00000000 08:05 3146171                    /usr/lib/x86_64-linux-gnu/libgthread-2.0.so.0.4800.2
7f504dc95000-7f504dc96000 rw-p 00001000 08:05 3146171                    /usr/lib/x86_64-linux-gnu/libgthread-2.0.so.0.4800.2
7f504dc96000-7f504dc99000 r-xp 00000000 08:05 3146123                    /usr/lib/x86_64-linux-gnu/libgmodule-2.0.so.0.4800.2
7f504dc99000-7f504de98000 ---p 00003000 08:05 3146123                    /usr/lib/x86_64-linux-gnu/libgmodule-2.0.so.0.4800.2
7f504de98000-7f504de99000 r--p 00002000 08:05 3146123                    /usr/lib/x86_64-linux-gnu/libgmodule-2.0.so.0.4800.2
7f504de99000-7f504de9a000 rw-p 00003000 08:05 3146123                    /usr/lib/x86_64-linux-gnu/libgmodule-2.0.so.0.4800.2
7f504de9a000-7f504deec000 r-xp 00000000 08:05 3146147                    /usr/lib/x86_64-linux-gnu/libgobject-2.0.so.0.4800.2
7f504deec000-7f504e0eb000 ---p 00052000 08:05 3146147                    /usr/lib/x86_64-linux-gnu/libgobject-2.0.so.0.4800.2
7f504e0eb000-7f504e0ec000 r--p 00051000 08:05 3146147                    /usr/lib/x86_64-linux-gnu/libgobject-2.0.so.0.4800.2
7f504e0ec000-7f504e0ed000 rw-p 00052000 08:05 3146147                    /usr/lib/x86_64-linux-gnu/libgobject-2.0.so.0.4800.2
7f504e0ed000-7f504e12a000 r-xp 00000000 08:05 3154924                    /usr/lib/x86_64-linux-gnu/libfontconfig.so.1.9.0
7f504e12a000-7f504e329000 ---p 0003d000 08:05 3154924                    /usr/lib/x86_64-linux-gnu/libfontconfig.so.1.9.0
7f504e329000-7f504e32b000 r--p 0003c000 08:05 3154924                    /usr/lib/x86_64-linux-gnu/libfontconfig.so.1.9.0
7f504e32b000-7f504e330000 rw-p 0003e000 08:05 3154924                    /usr/lib/x86_64-linux-gnu/libfontconfig.so.1.9.0
7f504e330000-7f5054000000 rw-p 00000000 00:00 0 
7f5054000000-7f5054021000 rw-p 00000000 00:00 0 
7f5054021000-7f5058000000 ---p 00000000 00:00 0 
7f5058000000-7f5058021000 rw-p 00000000 00:00 0 
7f5058021000-7f505c000000 ---p 00000000 00:00 0 
7f505c000000-7f505c021000 rw-p 00000000 00:00 0 
7f505c021000-7f5060000000 ---p 00000000 00:00 0 
7f5060002000-7f5060003000 rw-s 00000000 00:19 692                        /i915 (deleted)
7f5060003000-7f5060008000 rw-s 00000000 00:19 1101                       /i915 (deleted)
7f5060008000-7f506000d000 r--s 00084000 08:05 4745873                    /usr/lib/jvm/java-8-oracle/jre/lib/jfr.jar
7f506000d000-7f5060047000 r--p 00000000 08:05 4745931                    /usr/lib/jvm/java-8-oracle/jre/lib/fonts/LucidaTypewriterBold.ttf
7f5060047000-7f5060095000 r--p 00000000 08:05 4745927                    /usr/lib/jvm/java-8-oracle/jre/lib/fonts/LucidaSansDemiBold.ttf
7f5060095000-7f50600a0000 r--s 00000000 08:05 1048670                    /var/cache/fontconfig/945677eb7aeaf62f1d50efc3fb3ec7d8-le64.cache-6
7f50600a0000-7f50600a9000 r--s 00000000 08:05 1068935                    /var/cache/fontconfig/a6d8cf8e4ec09cdbc8633c31745a07dd-le64.cache-6
7f50600a9000-7f50600af000 r--s 00000000 08:05 1048652                    /var/cache/fontconfig/2cd17615ca594fa2959ae173292e504c-le64.cache-6
7f50600af000-7f50600b2000 ---p 00000000 00:00 0 
7f50600b2000-7f50601b0000 rw-p 00000000 00:00 0 
7f50601b0000-7f5060254000 r-xp 00000000 08:05 3154958                    /usr/lib/x86_64-linux-gnu/libfreetype.so.6.12.1
7f5060254000-7f5060453000 ---p 000a4000 08:05 3154958                    /usr/lib/x86_64-linux-gnu/libfreetype.so.6.12.1
7f5060453000-7f5060459000 r--p 000a3000 08:05 3154958                    /usr/lib/x86_64-linux-gnu/libfreetype.so.6.12.1
7f5060459000-7f506045a000 rw-p 000a9000 08:05 3154958                    /usr/lib/x86_64-linux-gnu/libfreetype.so.6.12.1
7f506045a000-7f50604a3000 r-xp 00000000 08:05 3155479                    /usr/lib/x86_64-linux-gnu/libpango-1.0.so.0.3800.1
7f50604a3000-7f50606a3000 ---p 00049000 08:05 3155479                    /usr/lib/x86_64-linux-gnu/libpango-1.0.so.0.3800.1
7f50606a3000-7f50606a5000 r--p 00049000 08:05 3155479                    /usr/lib/x86_64-linux-gnu/libpango-1.0.so.0.3800.1
7f50606a5000-7f50606a6000 rw-p 0004b000 08:05 3155479                    /usr/lib/x86_64-linux-gnu/libpango-1.0.so.0.3800.1
7f50606a6000-7f50607b4000 r-xp 00000000 08:05 3154683                    /usr/lib/x86_64-linux-gnu/libcairo.so.2.11400.6
7f50607b4000-7f50609b4000 ---p 0010e000 08:05 3154683                    /usr/lib/x86_64-linux-gnu/libcairo.so.2.11400.6
7f50609b4000-7f50609b7000 r--p 0010e000 08:05 3154683                    /usr/lib/x86_64-linux-gnu/libcairo.so.2.11400.6
7f50609b7000-7f50609b8000 rw-p 00111000 08:05 3154683                    /usr/lib/x86_64-linux-gnu/libcairo.so.2.11400.6
7f50609b8000-7f50609ba000 rw-p 00000000 00:00 0 
7f50609ba000-7f50609c6000 r-xp 00000000 08:05 3155481                    /usr/lib/x86_64-linux-gnu/libpangocairo-1.0.so.0.3800.1
7f50609c6000-7f5060bc5000 ---p 0000c000 08:05 3155481                    /usr/lib/x86_64-linux-gnu/libpangocairo-1.0.so.0.3800.1
7f5060bc5000-7f5060bc6000 r--p 0000b000 08:05 3155481                    /usr/lib/x86_64-linux-gnu/libpangocairo-1.0.so.0.3800.1
7f5060bc6000-7f5060bc7000 rw-p 0000c000 08:05 3155481                    /usr/lib/x86_64-linux-gnu/libpangocairo-1.0.so.0.3800.1
7f5060bc7000-7f5060be8000 r-xp 00000000 08:05 3271954                    /usr/lib/x86_64-linux-gnu/libgdk_pixbuf-2.0.so.0.3200.2
7f5060be8000-7f5060de7000 ---p 00021000 08:05 3271954                    /usr/lib/x86_64-linux-gnu/libgdk_pixbuf-2.0.so.0.3200.2
7f5060de7000-7f5060de8000 r--p 00020000 08:05 3271954                    /usr/lib/x86_64-linux-gnu/libgdk_pixbuf-2.0.so.0.3200.2
7f5060de8000-7f5060de9000 rw-p 00021000 08:05 3271954                    /usr/lib/x86_64-linux-gnu/libgdk_pixbuf-2.0.so.0.3200.2
7f5060de9000-7f5060dfd000 r-xp 00000000 08:05 3155483                    /usr/lib/x86_64-linux-gnu/libpangoft2-1.0.so.0.3800.1
7f5060dfd000-7f5060ffd000 ---p 00014000 08:05 3155483                    /usr/lib/x86_64-linux-gnu/libpangoft2-1.0.so.0.3800.1
7f5060ffd000-7f5060ffe000 r--p 00014000 08:05 3155483                    /usr/lib/x86_64-linux-gnu/libpangoft2-1.0.so.0.3800.1
7f5060ffe000-7f5060fff000 rw-p 00015000 08:05 3155483                    /usr/lib/x86_64-linux-gnu/libpangoft2-1.0.so.0.3800.1
7f5060fff000-7f5064000000 rw-p 00000000 00:00 0 
7f5064000000-7f5064021000 rw-p 00000000 00:00 0 
7f5064021000-7f5068000000 ---p 00000000 00:00 0 
7f5068000000-7f5068001000 rw-s 00000000 00:19 570                        /i915 (deleted)
7f5068001000-7f5068002000 r--s 00000000 08:05 1048649                    /var/cache/fontconfig/0d8c3b2ac0904cb8a57a757ad11a4a08-le64.cache-6
7f5068002000-7f5068017000 r--s 00000000 08:05 1048646                    /var/cache/fontconfig/04aabc0a78ac019cf9454389977116d2-le64.cache-6
7f5068017000-7f5068018000 r--s 00000000 08:05 1048651                    /var/cache/fontconfig/1ac9eb803944fde146138c791f5cc56a-le64.cache-6
7f5068018000-7f506801c000 r--s 00000000 08:05 1048656                    /var/cache/fontconfig/385c0604a188198f04d133e54aba7fe7-le64.cache-6
7f506801c000-7f506801d000 r--s 00000000 08:05 1048683                    /var/cache/fontconfig/dc05db6664285cc2f12bf69c139ae4c3-le64.cache-6
7f506801d000-7f5068020000 r--s 00000000 08:05 1048666                    /var/cache/fontconfig/767a8244fc0220cfb567a839d0392e0b-le64.cache-6
7f5068020000-7f5068025000 r--s 00000000 08:05 1048669                    /var/cache/fontconfig/8801497958630a81b71ace7c5f9b32a8-le64.cache-6
7f5068025000-7f5068060000 r--s 00000000 08:05 1051920                    /var/cache/fontconfig/365b55f210c0a22e9a19e35191240f32-le64.cache-6
7f5068060000-7f5068067000 r--s 00000000 08:05 1048653                    /var/cache/fontconfig/3047814df9a2f067bd2d96a2b9c36e5a-le64.cache-6
7f5068067000-7f506806d000 r--s 00000000 08:05 1048674                    /var/cache/fontconfig/b47c4e1ecd0709278f4910c18777a504-le64.cache-6
7f506806d000-7f5068075000 r--s 00000000 08:05 1068933                    /var/cache/fontconfig/52f7bdb7ce746bfd7eaa1985bd9cfa93-le64.cache-6
7f5068075000-7f5068088000 r--s 00000000 08:05 1048680                    /var/cache/fontconfig/d52a8644073d54c13679302ca1180695-le64.cache-6
7f5068088000-7f5068093000 r--s 00000000 08:05 1057789                    /var/cache/fontconfig/d589a48862398ed80a3d6066f4f56f4c-le64.cache-6
7f5068093000-7f50680a5000 r--s 00000000 08:05 1048672                    /var/cache/fontconfig/9b89f8e3dae116d678bbf48e5f21f69b-le64.cache-6
7f50680a5000-7f50680eb000 r--p 00000000 08:05 4066549                    /usr/share/glib-2.0/schemas/gschemas.compiled
7f50680eb000-7f506816b000 r-xp 00000000 08:05 2364017                    /lib/x86_64-linux-gnu/libsystemd.so.0.14.0
7f506816b000-7f506816e000 r--p 0007f000 08:05 2364017                    /lib/x86_64-linux-gnu/libsystemd.so.0.14.0
7f506816e000-7f506816f000 rw-p 00082000 08:05 2364017                    /lib/x86_64-linux-gnu/libsystemd.so.0.14.0
7f506816f000-7f5068170000 rw-p 00000000 00:00 0 
7f5068170000-7f50682f0000 r-xp 00000000 08:05 3146168                    /usr/lib/x86_64-linux-gnu/libgio-2.0.so.0.4800.2
7f50682f0000-7f50684f0000 ---p 00180000 08:05 3146168                    /usr/lib/x86_64-linux-gnu/libgio-2.0.so.0.4800.2
7f50684f0000-7f50684f4000 r--p 00180000 08:05 3146168                    /usr/lib/x86_64-linux-gnu/libgio-2.0.so.0.4800.2
7f50684f4000-7f50684f6000 rw-p 00184000 08:05 3146168                    /usr/lib/x86_64-linux-gnu/libgio-2.0.so.0.4800.2
7f50684f6000-7f50684f8000 rw-p 00000000 00:00 0 
7f50684f8000-7f506851a000 r-xp 00000000 08:05 3154626                    /usr/lib/x86_64-linux-gnu/libatk-1.0.so.0.21809.1
7f506851a000-7f5068719000 ---p 00022000 08:05 3154626                    /usr/lib/x86_64-linux-gnu/libatk-1.0.so.0.21809.1
7f5068719000-7f506871c000 r--p 00021000 08:05 3154626                    /usr/lib/x86_64-linux-gnu/libatk-1.0.so.0.21809.1
7f506871c000-7f506871d000 rw-p 00024000 08:05 3154626                    /usr/lib/x86_64-linux-gnu/libatk-1.0.so.0.21809.1
7f506871d000-7f50687cd000 r-xp 00000000 08:05 3154968                    /usr/lib/x86_64-linux-gnu/libgdk-x11-2.0.so.0.2400.30
7f50687cd000-7f50689cc000 ---p 000b0000 08:05 3154968                    /usr/lib/x86_64-linux-gnu/libgdk-x11-2.0.so.0.2400.30
7f50689cc000-7f50689d0000 r--p 000af000 08:05 3154968                    /usr/lib/x86_64-linux-gnu/libgdk-x11-2.0.so.0.2400.30
7f50689d0000-7f50689d2000 rw-p 000b3000 08:05 3154968                    /usr/lib/x86_64-linux-gnu/libgdk-x11-2.0.so.0.2400.30
7f50689d2000-7f5068e10000 r-xp 00000000 08:05 3156190                    /usr/lib/x86_64-linux-gnu/libgtk-x11-2.0.so.0.2400.30
7f5068e10000-7f506900f000 ---p 0043e000 08:05 3156190                    /usr/lib/x86_64-linux-gnu/libgtk-x11-2.0.so.0.2400.30
7f506900f000-7f5069016000 r--p 0043d000 08:05 3156190                    /usr/lib/x86_64-linux-gnu/libgtk-x11-2.0.so.0.2400.30
7f5069016000-7f506901a000 rw-p 00444000 08:05 3156190                    /usr/lib/x86_64-linux-gnu/libgtk-x11-2.0.so.0.2400.30
7f506901a000-7f506901d000 rw-p 00000000 00:00 0 
7f506901d000-7f5069029000 r-xp 00000000 08:05 4747589                    /usr/lib/jvm/java-8-oracle/jre/lib/amd64/libprism_es2.so
7f5069029000-7f5069228000 ---p 0000c000 08:05 4747589                    /usr/lib/jvm/java-8-oracle/jre/lib/amd64/libprism_es2.so
7f5069228000-7f5069229000 rw-p 0000b000 08:05 4747589                    /usr/lib/jvm/java-8-oracle/jre/lib/amd64/libprism_es2.so
7f5069229000-7f506922c000 ---p 00000000 00:00 0 
7f506922c000-7f506932a000 rw-p 00000000 00:00 0 
7f506932a000-7f506932d000 ---p 00000000 00:00 0 
7f506932d000-7f506942b000 rw-p 00000000 00:00 0 
7f506942b000-7f506942c000 ---p 00000000 00:00 0 
7f506942c000-7f506952c000 rw-p 00000000 00:00 0 
7f506952c000-7f506952f000 ---p 00000000 00:00 0 
7f506952f000-7f506962d000 rw-p 00000000 00:00 0 
7f506962d000-7f5069630000 ---p 00000000 00:00 0 
7f5069630000-7f506972e000 rw-p 00000000 00:00 0 
7f506972e000-7f5069731000 ---p 00000000 00:00 0 
7f5069731000-7f506982f000 rw-p 00000000 00:00 0 
7f506982f000-7f5069845000 r-xp 00000000 08:05 4747581                    /usr/lib/jvm/java-8-oracle/jre/lib/amd64/libnet.so
7f5069845000-7f5069a45000 ---p 00016000 08:05 4747581                    /usr/lib/jvm/java-8-oracle/jre/lib/amd64/libnet.so
7f5069a45000-7f5069a46000 rw-p 00016000 08:05 4747581                    /usr/lib/jvm/java-8-oracle/jre/lib/amd64/libnet.so
7f5069a46000-7f5069a49000 ---p 00000000 00:00 0 
7f5069a49000-7f5069b47000 rw-p 00000000 00:00 0 
7f5069b47000-7f5069b4a000 ---p 00000000 00:00 0 
7f5069b4a000-7f5069c48000 rw-p 00000000 00:00 0 
7f5069c48000-7f5069c4b000 ---p 00000000 00:00 0 
7f5069c4b000-7f5069d49000 rw-p 00000000 00:00 0 
7f5069d49000-7f506a021000 r--p 00000000 08:05 3151903                    /usr/lib/locale/locale-archive
7f506a021000-7f506a024000 ---p 00000000 00:00 0 
7f506a024000-7f506a122000 rw-p 00000000 00:00 0 
7f506a122000-7f506a125000 ---p 00000000 00:00 0 
7f506a125000-7f506a223000 rw-p 00000000 00:00 0 
7f506a223000-7f506a224000 ---p 00000000 00:00 0 
7f506a224000-7f506c000000 rw-p 00000000 00:00 0 
7f506c000000-7f506c021000 rw-p 00000000 00:00 0 
7f506c021000-7f5070000000 ---p 00000000 00:00 0 
7f5070000000-7f5070001000 r--s 00000000 08:05 1059844                    /var/cache/fontconfig/4794a0821666d79190d59a36cb4f44b5-le64.cache-6
7f5070001000-7f5070002000 r--s 00000000 08:05 1048676                    /var/cache/fontconfig/bab58bb527bb656aaa9f116d68a48d89-le64.cache-6
7f5070002000-7f5070003000 r--s 00000000 08:05 1048660                    /var/cache/fontconfig/56cf4f4769d0f4abc89a4895d7bd3ae1-le64.cache-6
7f5070003000-7f5070004000 r--s 00000000 08:05 1048675                    /var/cache/fontconfig/b9d506c9ac06c20b433354fa67a72993-le64.cache-6
7f5070004000-7f5070005000 r--s 00000000 08:05 1048659                    /var/cache/fontconfig/551ecf3b0e8b0bca0f25c0944f561853-le64.cache-6
7f5070005000-7f5070010000 r--s 00000000 08:05 1048668                    /var/cache/fontconfig/83bf95040141907cd45bb53cf7c1c148-le64.cache-6
7f5070010000-7f507001d000 r--s 00000000 08:05 1059662                    /var/cache/fontconfig/e13b20fdb08344e0e664864cc2ede53d-le64.cache-6
7f507001d000-7f50700b2000 r--s 0110e000 08:05 4747357                    /usr/lib/jvm/java-8-oracle/jre/lib/ext/jfxrt.jar
7f50700b2000-7f5070101000 rw-p 00000000 00:00 0 
7f5070101000-7f50702db000 r--s 03d6b000 08:05 4745896                    /usr/lib/jvm/java-8-oracle/jre/lib/rt.jar
7f50702db000-7f5070351000 rw-p 00000000 00:00 0 
7f5070351000-7f5070352000 ---p 00000000 00:00 0 
7f5070352000-7f5070452000 rw-p 00000000 00:00 0 
7f5070452000-7f5070453000 ---p 00000000 00:00 0 
7f5070453000-7f5070553000 rw-p 00000000 00:00 0 
7f5070553000-7f5070554000 ---p 00000000 00:00 0 
7f5070554000-7f5070692000 rw-p 00000000 00:00 0 
7f5070692000-7f5070a32000 ---p 00000000 00:00 0 
7f5070a32000-7f5070a70000 rw-p 00000000 00:00 0 
7f5070a70000-7f5070e10000 ---p 00000000 00:00 0 
7f5070e10000-7f5070e2f000 rw-p 00000000 00:00 0 
7f5070e2f000-7f5070fff000 ---p 00000000 00:00 0 
7f5070fff000-7f5071000000 rw-p 00000000 00:00 0 
7f5071000000-7f50715c0000 rwxp 00000000 00:00 0 
7f50715c0000-7f5080000000 ---p 00000000 00:00 0 
7f5080000000-7f5080289000 rw-p 00000000 00:00 0 
7f5080289000-7f5084000000 ---p 00000000 00:00 0 
7f5084000000-7f5084001000 r--s 00000000 08:05 1048654                    /var/cache/fontconfig/30829fa25452a46451e813d634d7f916-le64.cache-6
7f5084001000-7f5084002000 r--s 00000000 08:05 1048648                    /var/cache/fontconfig/0c9eb80ebd1c36541ebe2852d3bb0c49-le64.cache-6
7f5084002000-7f5084005000 r--s 00000000 08:05 1048665                    /var/cache/fontconfig/75114ca45c98e8a441da0ff356701271-le64.cache-6
7f5084005000-7f5084009000 r--s 00000000 08:05 1057723                    /var/cache/fontconfig/7ef2298fde41cc6eeb7af42e48b7d293-le64.cache-6
7f5084009000-7f508400e000 rw-s 00000000 00:19 930                        /i915 (deleted)
7f508400f000-7f5084013000 rw-s 00000000 00:19 915                        /i915 (deleted)
7f5084013000-7f5084017000 rw-s 00000000 00:19 909                        /i915 (deleted)
7f5084017000-7f508401c000 rw-s 00000000 00:19 900                        /i915 (deleted)
7f508401c000-7f5084022000 r--p 00000000 08:05 2953598                    /home/zachary/.config/dconf/user
7f5084022000-7f5084027000 rw-s 00000000 00:19 887                        /i915 (deleted)
7f5084027000-7f5084028000 r--s 00000000 00:30 28                         /run/user/1000/dconf/user
7f5084028000-7f508402c000 rw-s 00000000 00:19 854                        /i915 (deleted)
7f508402c000-7f5084030000 rw-s 00000000 00:19 838                        /i915 (deleted)
7f5084030000-7f5084043000 r--s 00345000 08:05 4745900                    /usr/lib/jvm/java-8-oracle/jre/lib/resources.jar
7f5084043000-7f5084044000 ---p 00000000 00:00 0 
7f5084044000-7f508415b000 rw-p 00000000 00:00 0 
7f508415b000-7f5084504000 ---p 00000000 00:00 0 
7f5084504000-7f508451f000 r-xp 00000000 08:05 4747573                    /usr/lib/jvm/java-8-oracle/jre/lib/amd64/libzip.so
7f508451f000-7f508471f000 ---p 0001b000 08:05 4747573                    /usr/lib/jvm/java-8-oracle/jre/lib/amd64/libzip.so
7f508471f000-7f5084720000 rw-p 0001b000 08:05 4747573                    /usr/lib/jvm/java-8-oracle/jre/lib/amd64/libzip.so
7f5084720000-7f508472b000 r-xp 00000000 08:05 2359392                    /lib/x86_64-linux-gnu/libnss_files-2.23.so
7f508472b000-7f508492a000 ---p 0000b000 08:05 2359392                    /lib/x86_64-linux-gnu/libnss_files-2.23.so
7f508492a000-7f508492b000 r--p 0000a000 08:05 2359392                    /lib/x86_64-linux-gnu/libnss_files-2.23.so
7f508492b000-7f508492c000 rw-p 0000b000 08:05 2359392                    /lib/x86_64-linux-gnu/libnss_files-2.23.so
7f508492c000-7f5084932000 rw-p 00000000 00:00 0 
7f5084932000-7f508493d000 r-xp 00000000 08:05 2364158                    /lib/x86_64-linux-gnu/libnss_nis-2.23.so
7f508493d000-7f5084b3c000 ---p 0000b000 08:05 2364158                    /lib/x86_64-linux-gnu/libnss_nis-2.23.so
7f5084b3c000-7f5084b3d000 r--p 0000a000 08:05 2364158                    /lib/x86_64-linux-gnu/libnss_nis-2.23.so
7f5084b3d000-7f5084b3e000 rw-p 0000b000 08:05 2364158                    /lib/x86_64-linux-gnu/libnss_nis-2.23.so
7f5084b3e000-7f5084b54000 r-xp 00000000 08:05 2359310                    /lib/x86_64-linux-gnu/libnsl-2.23.so
7f5084b54000-7f5084d53000 ---p 00016000 08:05 2359310                    /lib/x86_64-linux-gnu/libnsl-2.23.so
7f5084d53000-7f5084d54000 r--p 00015000 08:05 2359310                    /lib/x86_64-linux-gnu/libnsl-2.23.so
7f5084d54000-7f5084d55000 rw-p 00016000 08:05 2359310                    /lib/x86_64-linux-gnu/libnsl-2.23.so
7f5084d55000-7f5084d57000 rw-p 00000000 00:00 0 
7f5084d57000-7f5084d5f000 r-xp 00000000 08:05 2359387                    /lib/x86_64-linux-gnu/libnss_compat-2.23.so
7f5084d5f000-7f5084f5e000 ---p 00008000 08:05 2359387                    /lib/x86_64-linux-gnu/libnss_compat-2.23.so
7f5084f5e000-7f5084f5f000 r--p 00007000 08:05 2359387                    /lib/x86_64-linux-gnu/libnss_compat-2.23.so
7f5084f5f000-7f5084f60000 rw-p 00008000 08:05 2359387                    /lib/x86_64-linux-gnu/libnss_compat-2.23.so
7f5084f60000-7f5084f6a000 r-xp 00000000 08:05 4747591                    /usr/lib/jvm/java-8-oracle/jre/lib/amd64/libinstrument.so
7f5084f6a000-7f5085169000 ---p 0000a000 08:05 4747591                    /usr/lib/jvm/java-8-oracle/jre/lib/amd64/libinstrument.so
7f5085169000-7f508516a000 rw-p 00009000 08:05 4747591                    /usr/lib/jvm/java-8-oracle/jre/lib/amd64/libinstrument.so
7f508516a000-7f5085195000 r-xp 00000000 08:05 4747561                    /usr/lib/jvm/java-8-oracle/jre/lib/amd64/libjava.so
7f5085195000-7f5085394000 ---p 0002b000 08:05 4747561                    /usr/lib/jvm/java-8-oracle/jre/lib/amd64/libjava.so
7f5085394000-7f5085396000 rw-p 0002a000 08:05 4747561                    /usr/lib/jvm/java-8-oracle/jre/lib/amd64/libjava.so
7f5085396000-7f50853a3000 r-xp 00000000 08:05 4747571                    /usr/lib/jvm/java-8-oracle/jre/lib/amd64/libverify.so
7f50853a3000-7f50855a3000 ---p 0000d000 08:05 4747571                    /usr/lib/jvm/java-8-oracle/jre/lib/amd64/libverify.so
7f50855a3000-7f50855a5000 rw-p 0000d000 08:05 4747571                    /usr/lib/jvm/java-8-oracle/jre/lib/amd64/libverify.so
7f50855a5000-7f50855ac000 r-xp 00000000 08:05 2364159                    /lib/x86_64-linux-gnu/librt-2.23.so
7f50855ac000-7f50857ab000 ---p 00007000 08:05 2364159                    /lib/x86_64-linux-gnu/librt-2.23.so
7f50857ab000-7f50857ac000 r--p 00006000 08:05 2364159                    /lib/x86_64-linux-gnu/librt-2.23.so
7f50857ac000-7f50857ad000 rw-p 00007000 08:05 2364159                    /lib/x86_64-linux-gnu/librt-2.23.so
7f50857ad000-7f50858b5000 r-xp 00000000 08:05 2359301                    /lib/x86_64-linux-gnu/libm-2.23.so
7f50858b5000-7f5085ab4000 ---p 00108000 08:05 2359301                    /lib/x86_64-linux-gnu/libm-2.23.so
7f5085ab4000-7f5085ab5000 r--p 00107000 08:05 2359301                    /lib/x86_64-linux-gnu/libm-2.23.so
7f5085ab5000-7f5085ab6000 rw-p 00108000 08:05 2359301                    /lib/x86_64-linux-gnu/libm-2.23.so
7f5085ab6000-7f5086792000 r-xp 00000000 08:05 4747613                    /usr/lib/jvm/java-8-oracle/jre/lib/amd64/server/libjvm.so
7f5086792000-7f5086992000 ---p 00cdc000 08:05 4747613                    /usr/lib/jvm/java-8-oracle/jre/lib/amd64/server/libjvm.so
7f5086992000-7f5086a6c000 rw-p 00cdc000 08:05 4747613                    /usr/lib/jvm/java-8-oracle/jre/lib/amd64/server/libjvm.so
7f5086a6c000-7f5086ab7000 rw-p 00000000 00:00 0 
7f5086ab7000-7f5086c77000 r-xp 00000000 08:05 2359379                    /lib/x86_64-linux-gnu/libc-2.23.so
7f5086c77000-7f5086e77000 ---p 001c0000 08:05 2359379                    /lib/x86_64-linux-gnu/libc-2.23.so
7f5086e77000-7f5086e7b000 r--p 001c0000 08:05 2359379                    /lib/x86_64-linux-gnu/libc-2.23.so
7f5086e7b000-7f5086e7d000 rw-p 001c4000 08:05 2359379                    /lib/x86_64-linux-gnu/libc-2.23.so
7f5086e7d000-7f5086e81000 rw-p 00000000 00:00 0 
7f5086e81000-7f5086e84000 r-xp 00000000 08:05 2359381                    /lib/x86_64-linux-gnu/libdl-2.23.so
7f5086e84000-7f5087083000 ---p 00003000 08:05 2359381                    /lib/x86_64-linux-gnu/libdl-2.23.so
7f5087083000-7f5087084000 r--p 00002000 08:05 2359381                    /lib/x86_64-linux-gnu/libdl-2.23.so
7f5087084000-7f5087085000 rw-p 00003000 08:05 2359381                    /lib/x86_64-linux-gnu/libdl-2.23.so
7f5087085000-7f508709b000 r-xp 00000000 08:05 4745842                    /usr/lib/jvm/java-8-oracle/lib/amd64/jli/libjli.so
7f508709b000-7f508729a000 ---p 00016000 08:05 4745842                    /usr/lib/jvm/java-8-oracle/lib/amd64/jli/libjli.so
7f508729a000-7f508729b000 rw-p 00015000 08:05 4745842                    /usr/lib/jvm/java-8-oracle/lib/amd64/jli/libjli.so
7f508729b000-7f50872b3000 r-xp 00000000 08:05 2359321                    /lib/x86_64-linux-gnu/libpthread-2.23.so
7f50872b3000-7f50874b2000 ---p 00018000 08:05 2359321                    /lib/x86_64-linux-gnu/libpthread-2.23.so
7f50874b2000-7f50874b3000 r--p 00017000 08:05 2359321                    /lib/x86_64-linux-gnu/libpthread-2.23.so
7f50874b3000-7f50874b4000 rw-p 00018000 08:05 2359321                    /lib/x86_64-linux-gnu/libpthread-2.23.so
7f50874b4000-7f50874b8000 rw-p 00000000 00:00 0 
7f50874b8000-7f50874de000 r-xp 00000000 08:05 2359313                    /lib/x86_64-linux-gnu/ld-2.23.so
7f50874de000-7f50874e3000 rw-s 00000000 00:19 836                        /i915 (deleted)
7f50874e3000-7f50874e5000 r--s 0001a000 08:05 2951174                    /opt/idea-IU-182.4323.46/lib/idea_rt.jar
7f50874e5000-7f50874f8000 r--s 000d6000 08:05 4745887                    /usr/lib/jvm/java-8-oracle/jre/lib/plugin.jar
7f50874f8000-7f50874f9000 r--s 00000000 08:05 4745880                    /usr/lib/jvm/java-8-oracle/jre/lib/management-agent.jar
7f50874f9000-7f50874fe000 r--s 0009d000 08:05 4745901                    /usr/lib/jvm/java-8-oracle/jre/lib/jsse.jar
7f50874fe000-7f508751a000 r--s 0020b000 08:05 4745874                    /usr/lib/jvm/java-8-oracle/jre/lib/deploy.jar
7f508751a000-7f50875b0000 rw-p 00000000 00:00 0 
7f50875b0000-7f50875b3000 ---p 00000000 00:00 0 
7f50875b3000-7f50876b6000 rw-p 00000000 00:00 0 
7f50876b6000-7f50876b8000 r--s 00007000 08:05 4745909                    /usr/lib/jvm/java-8-oracle/jre/lib/jfxswt.jar
7f50876b8000-7f50876bd000 r--s 00084000 08:05 4745873                    /usr/lib/jvm/java-8-oracle/jre/lib/jfr.jar
7f50876bd000-7f50876c0000 r--s 0001a000 08:05 4745907                    /usr/lib/jvm/java-8-oracle/jre/lib/jce.jar
7f50876c0000-7f50876c9000 r--s 0006d000 08:05 4745883                    /usr/lib/jvm/java-8-oracle/jre/lib/javaws.jar
7f50876c9000-7f50876ce000 r--s 002f9000 08:05 4745894                    /usr/lib/jvm/java-8-oracle/jre/lib/charsets.jar
7f50876ce000-7f50876d6000 rw-s 00000000 08:05 4997322                    /tmp/hsperfdata_zachary/7408
7f50876d6000-7f50876d7000 rw-p 00000000 00:00 0 
7f50876d7000-7f50876d8000 r--p 00000000 00:00 0 
7f50876d8000-7f50876db000 r--p 00000000 00:00 0                          [vvar]
7f50876db000-7f50876dd000 r-xp 00000000 00:00 0                          [vdso]
7f50876dd000-7f50876de000 r--p 00025000 08:05 2359313                    /lib/x86_64-linux-gnu/ld-2.23.so
7f50876de000-7f50876df000 rw-p 00026000 08:05 2359313                    /lib/x86_64-linux-gnu/ld-2.23.so
7f50876df000-7f50876e0000 rw-p 00000000 00:00 0 
7ffd7ffb5000-7ffd7ffd7000 rw-p 00000000 00:00 0                          [stack]
ffffffffff600000-ffffffffff601000 r-xp 00000000 00:00 0                  [vsyscall]

VM Arguments:
jvm_args: -javaagent:/opt/idea-IU-182.4323.46/lib/idea_rt.jar=45963:/opt/idea-IU-182.4323.46/bin -Dfile.encoding=UTF-8 
java_command: assignment7.ClientMain
java_class_path (initial): /usr/lib/jvm/java-8-oracle/jre/lib/charsets.jar:/usr/lib/jvm/java-8-oracle/jre/lib/deploy.jar:/usr/lib/jvm/java-8-oracle/jre/lib/ext/cldrdata.jar:/usr/lib/jvm/java-8-oracle/jre/lib/ext/dnsns.jar:/usr/lib/jvm/java-8-oracle/jre/lib/ext/jaccess.jar:/usr/lib/jvm/java-8-oracle/jre/lib/ext/jfxrt.jar:/usr/lib/jvm/java-8-oracle/jre/lib/ext/localedata.jar:/usr/lib/jvm/java-8-oracle/jre/lib/ext/nashorn.jar:/usr/lib/jvm/java-8-oracle/jre/lib/ext/sunec.jar:/usr/lib/jvm/java-8-oracle/jre/lib/ext/sunjce_provider.jar:/usr/lib/jvm/java-8-oracle/jre/lib/ext/sunpkcs11.jar:/usr/lib/jvm/java-8-oracle/jre/lib/ext/zipfs.jar:/usr/lib/jvm/java-8-oracle/jre/lib/javaws.jar:/usr/lib/jvm/java-8-oracle/jre/lib/jce.jar:/usr/lib/jvm/java-8-oracle/jre/lib/jfr.jar:/usr/lib/jvm/java-8-oracle/jre/lib/jfxswt.jar:/usr/lib/jvm/java-8-oracle/jre/lib/jsse.jar:/usr/lib/jvm/java-8-oracle/jre/lib/management-agent.jar:/usr/lib/jvm/java-8-oracle/jre/lib/plugin.jar:/usr/lib/jvm/java-8-oracle/jre/lib/resources.jar:/usr/lib/jvm/java-8-oracle/jre/lib/rt.jar:/home/zachary/EE_422C/Project7/out/production/Project7:/opt/idea-IU-182.4323.46/lib/idea_rt.jar
Launcher Type: SUN_STANDARD

Environment Variables:
JAVA_HOME=/usr/lib/jvm/java-8-oracle
PATH=/usr/local/sbin:/usr/local/bin:/usr/sbin:/usr/bin:/sbin:/bin:/usr/games:/usr/local/games:/usr/bin:/snap/bin:/usr/lib/jvm/java-8-oracle/bin:/usr/lib/jvm/java-8-oracle/db/bin:/usr/lib/jvm/java-8-oracle/jre/bin
LD_LIBRARY_PATH=/usr/lib
SHELL=/bin/bash
DISPLAY=:0

Signal Handlers:
SIGSEGV: [libjvm.so+0xad2a40], sa_mask[0]=11111111011111111101111111111110, sa_flags=SA_RESTART|SA_SIGINFO
SIGBUS: [libjvm.so+0xad2a40], sa_mask[0]=11111111011111111101111111111110, sa_flags=SA_RESTART|SA_SIGINFO
SIGFPE: [libjvm.so+0x92a610], sa_mask[0]=11111111011111111101111111111110, sa_flags=SA_RESTART|SA_SIGINFO
SIGPIPE: SIG_IGN, sa_mask[0]=00000000000010000000000000000000, sa_flags=SA_RESTART
SIGXFSZ: [libjvm.so+0x92a610], sa_mask[0]=11111111011111111101111111111110, sa_flags=SA_RESTART|SA_SIGINFO
SIGILL: [libjvm.so+0x92a610], sa_mask[0]=11111111011111111101111111111110, sa_flags=SA_RESTART|SA_SIGINFO
SIGUSR1: SIG_DFL, sa_mask[0]=00000000000000000000000000000000, sa_flags=none
SIGUSR2: [libjvm.so+0x92be70], sa_mask[0]=00100000000000000000000000000000, sa_flags=SA_RESTART|SA_SIGINFO
SIGHUP: [libjvm.so+0x92d270], sa_mask[0]=11111111011111111101111111111110, sa_flags=SA_RESTART|SA_SIGINFO
SIGINT: [libjvm.so+0x92d270], sa_mask[0]=11111111011111111101111111111110, sa_flags=SA_RESTART|SA_SIGINFO
SIGTERM: [libjvm.so+0x92d270], sa_mask[0]=11111111011111111101111111111110, sa_flags=SA_RESTART|SA_SIGINFO
SIGQUIT: [libjvm.so+0x92d270], sa_mask[0]=11111111011111111101111111111110, sa_flags=SA_RESTART|SA_SIGINFO


---------------  S Y S T E M  ---------------

OS:DISTRIB_ID=Ubuntu
DISTRIB_RELEASE=16.04
DISTRIB_CODENAME=xenial
DISTRIB_DESCRIPTION="Ubuntu 16.04.3 LTS"

uname:Linux 4.15.0-39-generic #42~16.04.1-Ubuntu SMP Wed Oct 24 17:09:54 UTC 2018 x86_64
libc:glibc 2.23 NPTL 2.23 
rlimit: STACK 8192k, CORE 0k, NPROC 47097, NOFILE 1048576, AS infinity
load average:4.31 2.80 1.84

/proc/meminfo:
MemTotal:       12158176 kB
MemFree:         7414016 kB
MemAvailable:    9127676 kB
Buffers:          224532 kB
Cached:          2000364 kB
SwapCached:            0 kB
Active:          2838168 kB
Inactive:        1537600 kB
Active(anon):    2121776 kB
Inactive(anon):   358556 kB
Active(file):     716392 kB
Inactive(file):  1179044 kB
Unevictable:        5836 kB
Mlocked:            5836 kB
SwapTotal:      12443644 kB
SwapFree:       12443644 kB
Dirty:              3788 kB
Writeback:             0 kB
AnonPages:       2156944 kB
Mapped:           557164 kB
Shmem:            360204 kB
Slab:             211656 kB
SReclaimable:     128228 kB
SUnreclaim:        83428 kB
KernelStack:       12368 kB
PageTables:        42812 kB
NFS_Unstable:          0 kB
Bounce:                0 kB
WritebackTmp:          0 kB
CommitLimit:    18522732 kB
Committed_AS:    8248636 kB
VmallocTotal:   34359738367 kB
VmallocUsed:           0 kB
VmallocChunk:          0 kB
HardwareCorrupted:     0 kB
AnonHugePages:         0 kB
ShmemHugePages:        0 kB
ShmemPmdMapped:        0 kB
CmaTotal:              0 kB
CmaFree:               0 kB
HugePages_Total:       0
HugePages_Free:        0
HugePages_Rsvd:        0
HugePages_Surp:        0
Hugepagesize:       2048 kB
DirectMap4k:      258396 kB
DirectMap2M:     5894144 kB
DirectMap1G:     7340032 kB


CPU:total 4 (initial active 4) (2 cores per cpu, 2 threads per core) family 6 model 78 stepping 3, cmov, cx8, fxsr, mmx, sse, sse2, sse3, ssse3, sse4.1, sse4.2, popcnt, avx, avx2, aes, clmul, erms, 3dnowpref, lzcnt, ht, tsc, tscinvbit, bmi1, bmi2, adx

/proc/cpuinfo:
processor	: 0
vendor_id	: GenuineIntel
cpu family	: 6
model		: 78
model name	: Intel(R) Core(TM) i7-6500U CPU @ 2.50GHz
stepping	: 3
microcode	: 0xc6
cpu MHz		: 2344.382
cache size	: 4096 KB
physical id	: 0
siblings	: 4
core id		: 0
cpu cores	: 2
apicid		: 0
initial apicid	: 0
fpu		: yes
fpu_exception	: yes
cpuid level	: 22
wp		: yes
flags		: fpu vme de pse tsc msr pae mce cx8 apic sep mtrr pge mca cmov pat pse36 clflush dts acpi mmx fxsr sse sse2 ss ht tm pbe syscall nx pdpe1gb rdtscp lm constant_tsc art arch_perfmon pebs bts rep_good nopl xtopology nonstop_tsc cpuid aperfmperf tsc_known_freq pni pclmulqdq dtes64 monitor ds_cpl vmx est tm2 ssse3 sdbg fma cx16 xtpr pdcm pcid sse4_1 sse4_2 x2apic movbe popcnt tsc_deadline_timer aes xsave avx f16c rdrand lahf_lm abm 3dnowprefetch cpuid_fault epb invpcid_single pti ssbd ibrs ibpb stibp tpr_shadow vnmi flexpriority ept vpid fsgsbase tsc_adjust bmi1 avx2 smep bmi2 erms invpcid mpx rdseed adx smap clflushopt intel_pt xsaveopt xsavec xgetbv1 xsaves dtherm ida arat pln pts hwp hwp_notify hwp_act_window hwp_epp flush_l1d
bugs		: cpu_meltdown spectre_v1 spectre_v2 spec_store_bypass l1tf
bogomips	: 5184.00
clflush size	: 64
cache_alignment	: 64
address sizes	: 39 bits physical, 48 bits virtual
power management:

processor	: 1
vendor_id	: GenuineIntel
cpu family	: 6
model		: 78
model name	: Intel(R) Core(TM) i7-6500U CPU @ 2.50GHz
stepping	: 3
microcode	: 0xc6
cpu MHz		: 2129.517
cache size	: 4096 KB
physical id	: 0
siblings	: 4
core id		: 1
cpu cores	: 2
apicid		: 2
initial apicid	: 2
fpu		: yes
fpu_exception	: yes
cpuid level	: 22
wp		: yes
flags		: fpu vme de pse tsc msr pae mce cx8 apic sep mtrr pge mca cmov pat pse36 clflush dts acpi mmx fxsr sse sse2 ss ht tm pbe syscall nx pdpe1gb rdtscp lm constant_tsc art arch_perfmon pebs bts rep_good nopl xtopology nonstop_tsc cpuid aperfmperf tsc_known_freq pni pclmulqdq dtes64 monitor ds_cpl vmx est tm2 ssse3 sdbg fma cx16 xtpr pdcm pcid sse4_1 sse4_2 x2apic movbe popcnt tsc_deadline_timer aes xsave avx f16c rdrand lahf_lm abm 3dnowprefetch cpuid_fault epb invpcid_single pti ssbd ibrs ibpb stibp tpr_shadow vnmi flexpriority ept vpid fsgsbase tsc_adjust bmi1 avx2 smep bmi2 erms invpcid mpx rdseed adx smap clflushopt intel_pt xsaveopt xsavec xgetbv1 xsaves dtherm ida arat pln pts hwp hwp_notify hwp_act_window hwp_epp flush_l1d
bugs		: cpu_meltdown spectre_v1 spectre_v2 spec_store_bypass l1tf
bogomips	: 5184.00
clflush size	: 64
cache_alignment	: 64
address sizes	: 39 bits physical, 48 bits virtual
power management:

processor	: 2
vendor_id	: GenuineIntel
cpu family	: 6
model		: 78
model name	: Intel(R) Core(TM) i7-6500U CPU @ 2.50GHz
stepping	: 3
microcode	: 0xc6
cpu MHz		: 2123.427
cache size	: 4096 KB
physical id	: 0
siblings	: 4
core id		: 0
cpu cores	: 2
apicid		: 1
initial apicid	: 1
fpu		: yes
fpu_exception	: yes
cpuid level	: 22
wp		: yes
flags		: fpu vme de pse tsc msr pae mce cx8 apic sep mtrr pge mca cmov pat pse36 clflush dts acpi mmx fxsr sse sse2 ss ht tm pbe syscall nx pdpe1gb rdtscp lm constant_tsc art arch_perfmon pebs bts rep_good nopl xtopology nonstop_tsc cpuid aperfmperf tsc_known_freq pni pclmulqdq dtes64 monitor ds_cpl vmx est tm2 ssse3 sdbg fma cx16 xtpr pdcm pcid sse4_1 sse4_2 x2apic movbe popcnt tsc_deadline_timer aes xsave avx f16c rdrand lahf_lm abm 3dnowprefetch cpuid_fault epb invpcid_single pti ssbd ibrs ibpb stibp tpr_shadow vnmi flexpriority ept vpid fsgsbase tsc_adjust bmi1 avx2 smep bmi2 erms invpcid mpx rdseed adx smap clflushopt intel_pt xsaveopt xsavec xgetbv1 xsaves dtherm ida arat pln pts hwp hwp_notify hwp_act_window hwp_epp flush_l1d
bugs		: cpu_meltdown spectre_v1 spectre_v2 spec_store_bypass l1tf
bogomips	: 5184.00
clflush size	: 64
cache_alignment	: 64
address sizes	: 39 bits physical, 48 bits virtual
power management:

processor	: 3
vendor_id	: GenuineIntel
cpu family	: 6
model		: 78
model name	: Intel(R) Core(TM) i7-6500U CPU @ 2.50GHz
stepping	: 3
microcode	: 0xc6
cpu MHz		: 2229.062
cache size	: 4096 KB
physical id	: 0
siblings	: 4
core id		: 1
cpu cores	: 2
apicid		: 3
initial apicid	: 3
fpu		: yes
fpu_exception	: yes
cpuid level	: 22
wp		: yes
flags		: fpu vme de pse tsc msr pae mce cx8 apic sep mtrr pge mca cmov pat pse36 clflush dts acpi mmx fxsr sse sse2 ss ht tm pbe syscall nx pdpe1gb rdtscp lm constant_tsc art arch_perfmon pebs bts rep_good nopl xtopology nonstop_tsc cpuid aperfmperf tsc_known_freq pni pclmulqdq dtes64 monitor ds_cpl vmx est tm2 ssse3 sdbg fma cx16 xtpr pdcm pcid sse4_1 sse4_2 x2apic movbe popcnt tsc_deadline_timer aes xsave avx f16c rdrand lahf_lm abm 3dnowprefetch cpuid_fault epb invpcid_single pti ssbd ibrs ibpb stibp tpr_shadow vnmi flexpriority ept vpid fsgsbase tsc_adjust bmi1 avx2 smep bmi2 erms invpcid mpx rdseed adx smap clflushopt intel_pt xsaveopt xsavec xgetbv1 xsaves dtherm ida arat pln pts hwp hwp_notify hwp_act_window hwp_epp flush_l1d
bugs		: cpu_meltdown spectre_v1 spectre_v2 spec_store_bypass l1tf
bogomips	: 5184.00
clflush size	: 64
cache_alignment	: 64
address sizes	: 39 bits physical, 48 bits virtual
power management:



Memory: 4k page, physical 12158176k(7414016k free), swap 12443644k(12443644k free)

vm_info: Java HotSpot(TM) 64-Bit Server VM (25.181-b13) for linux-amd64 JRE (1.8.0_181-b13), built on Jul  7 2018 00:56:38 by "java_re" with gcc 4.3.0 20080428 (Red Hat 4.3.0-8)

time: Mon Dec  3 20:50:02 2018
elapsed time: 9 seconds (0d 0h 0m 9s)

